#
# There is insufficient memory for the Java Runtime Environment to continue.
# Native memory allocation (malloc) failed to allocate 32744 bytes for Chunk::new
# Possible reasons:
#   The system is out of physical RAM or swap space
#   The process is running with CompressedOops enabled, and the Java Heap may be blocking the growth of the native heap
# Possible solutions:
#   Reduce memory load on the system
#   Increase physical memory or swap space
#   Check if swap backing store is full
#   Decrease Java heap size (-Xmx/-Xms)
#   Decrease number of Java threads
#   Decrease Java thread stack sizes (-Xss)
#   Set larger code cache with -XX:ReservedCodeCacheSize=
#   JVM is running with Unscaled Compressed Oops mode in which the Java heap is
#     placed in the first 4GB address space. The Java Heap base address is the
#     maximum limit for the native heap growth. Please use -XX:HeapBaseMinAddress
#     to set the Java Heap base and to place the Java Heap above 4GB virtual address.
# This output file may be truncated or incomplete.
#
#  Out of Memory Error (arena.cpp:184), pid=13400, tid=9560
#
# JRE version: OpenJDK Runtime Environment (19.0+36) (build 19+36-2238)
# Java VM: OpenJDK 64-Bit Server VM (19+36-2238, mixed mode, sharing, tiered, compressed oops, compressed class ptrs, g1 gc, windows-amd64)
# No core dump will be written. Minidumps are not enabled by default on client versions of Windows
#

---------------  S U M M A R Y ------------

Command Line: -agentlib:jdwp=transport=dt_socket,address=127.0.0.1:61022,suspend=y,server=n -javaagent:C:\Users\gabi\AppData\Local\JetBrains\IntelliJIdea2022.2\captureAgent\debugger-agent.jar -Dfile.encoding=UTF-8 -Dsun.stdout.encoding=UTF-8 -Dsun.stderr.encoding=UTF-8 org.example.Main

Host: Intel(R) Core(TM) i5-10300H CPU @ 2.50GHz, 8 cores, 7G,  Windows 11 , 64 bit Build 22000 (10.0.22000.1880)
Time: Thu May 18 02:46:27 2023 GTB Daylight Time elapsed time: 1.084081 seconds (0d 0h 0m 1s)

---------------  T H R E A D  ---------------

Current thread (0x000001e1352cef80):  JavaThread "C2 CompilerThread0" daemon [_thread_in_native, id=9560, stack(0x0000000101300000,0x0000000101400000)]


Current CompileTask:
C2:   1084 1466 % !   4       com.sun.crypto.provider.PBKDF2KeyImpl::deriveKey @ 191 (295 bytes)

Stack: [0x0000000101300000,0x0000000101400000]
Native frames: (J=compiled Java code, j=interpreted, Vv=VM code, C=native code)
V  [jvm.dll+0x6ee8fa]
V  [jvm.dll+0x857a1e]
V  [jvm.dll+0x85940e]
V  [jvm.dll+0x859ac3]
V  [jvm.dll+0x28291f]
V  [jvm.dll+0xc9b5f]
V  [jvm.dll+0xc9ee5]
V  [jvm.dll+0x3c1d25]
V  [jvm.dll+0x3bcbde]
V  [jvm.dll+0x1ee31a]
V  [jvm.dll+0x24c41b]
V  [jvm.dll+0x24b671]
V  [jvm.dll+0x1d6d61]
V  [jvm.dll+0x25b0fa]
V  [jvm.dll+0x259588]
V  [jvm.dll+0x807928]
V  [jvm.dll+0x8015fa]
V  [jvm.dll+0x6ed5eb]
C  [ucrtbase.dll+0x26c0c]
C  [KERNEL32.DLL+0x155a0]
C  [ntdll.dll+0x485b]


---------------  P R O C E S S  ---------------

Threads class SMR info:
_java_thread_list=0x000001e13a872a30, length=20, elements={
0x000001e116e10150, 0x000001e1352c1aa0, 0x000001e1352c25d0, 0x000001e1352c9290,
0x000001e1352c9bc0, 0x000001e1352ca4f0, 0x000001e1352cae20, 0x000001e1352cef80,
0x000001e1352d9d10, 0x000001e1352e2e50, 0x000001e1398f1a20, 0x000001e139983450,
0x000001e139983fd0, 0x000001e139984520, 0x000001e1398ee500, 0x000001e139c66a20,
0x000001e139c88490, 0x000001e1398eff90, 0x000001e1398f0f80, 0x000001e1398ef4f0
}

Java Threads: ( => current thread )
  0x000001e116e10150 JavaThread "main" [_thread_in_Java, id=22480, stack(0x0000000100600000,0x0000000100700000)]
  0x000001e1352c1aa0 JavaThread "Reference Handler" daemon [_thread_blocked, id=14652, stack(0x0000000100d00000,0x0000000100e00000)]
  0x000001e1352c25d0 JavaThread "Finalizer" daemon [_thread_blocked, id=19548, stack(0x0000000100e00000,0x0000000100f00000)]
  0x000001e1352c9290 JavaThread "Signal Dispatcher" daemon [_thread_blocked, id=5436, stack(0x0000000100f00000,0x0000000101000000)]
  0x000001e1352c9bc0 JavaThread "Attach Listener" daemon [_thread_blocked, id=13868, stack(0x0000000101000000,0x0000000101100000)]
  0x000001e1352ca4f0 JavaThread "Service Thread" daemon [_thread_blocked, id=8940, stack(0x0000000101100000,0x0000000101200000)]
  0x000001e1352cae20 JavaThread "Monitor Deflation Thread" daemon [_thread_blocked, id=17648, stack(0x0000000101200000,0x0000000101300000)]
=>0x000001e1352cef80 JavaThread "C2 CompilerThread0" daemon [_thread_in_native, id=9560, stack(0x0000000101300000,0x0000000101400000)]
  0x000001e1352d9d10 JavaThread "C1 CompilerThread0" daemon [_thread_in_native, id=8432, stack(0x0000000101400000,0x0000000101500000)]
  0x000001e1352e2e50 JavaThread "Sweeper thread" daemon [_thread_blocked, id=13308, stack(0x0000000101500000,0x0000000101600000)]
  0x000001e1398f1a20 JavaThread "Common-Cleaner" daemon [_thread_blocked, id=17020, stack(0x0000000101600000,0x0000000101700000)]
  0x000001e139983450 JavaThread "JDWP Transport Listener: dt_socket" daemon [_thread_blocked, id=2376, stack(0x0000000101700000,0x0000000101800000)]
  0x000001e139983fd0 JavaThread "JDWP Event Helper Thread" daemon [_thread_blocked, id=4304, stack(0x0000000101800000,0x0000000101900000)]
  0x000001e139984520 JavaThread "JDWP Command Reader" daemon [_thread_in_native, id=23044, stack(0x0000000101900000,0x0000000101a00000)]
  0x000001e1398ee500 JavaThread "Notification Thread" daemon [_thread_blocked, id=4896, stack(0x0000000101a00000,0x0000000101b00000)]
  0x000001e139c66a20 JavaThread "C2 CompilerThread1" daemon [_thread_in_native, id=15944, stack(0x0000000101c00000,0x0000000101d00000)]
  0x000001e139c88490 JavaThread "C2 CompilerThread2" daemon [_thread_in_native, id=21720, stack(0x0000000101d00000,0x0000000101e00000)]
  0x000001e1398eff90 JavaThread "oracle.jdbc.driver.BlockSource.ThreadedCachingBlockSource.BlockReleaser" daemon [_thread_blocked, id=8676, stack(0x0000000101e00000,0x0000000101f00000)]
  0x000001e1398f0f80 JavaThread "InterruptTimer" daemon [_thread_blocked, id=4076, stack(0x0000000102600000,0x0000000102700000)]
  0x000001e1398ef4f0 JavaThread "OJDBC-WORKER-THREAD-1" daemon [_thread_blocked, id=18832, stack(0x0000000102700000,0x0000000102800000)]

Other Threads:
  0x000001e1352a2f30 VMThread "VM Thread" [stack: 0x0000000100c00000,0x0000000100d00000] [id=11724]
  0x000001e139a91830 WatcherThread "VM Periodic Task Thread" [stack: 0x0000000101b00000,0x0000000101c00000] [id=6488]
  0x000001e116e71aa0 WorkerThread "GC Thread#0" [stack: 0x0000000100700000,0x0000000100800000] [id=21932]
  0x000001e13a35a510 WorkerThread "GC Thread#1" [stack: 0x0000000101f00000,0x0000000102000000] [id=23380]
  0x000001e13a0292c0 WorkerThread "GC Thread#2" [stack: 0x0000000102000000,0x0000000102100000] [id=23484]
  0x000001e13a103ed0 WorkerThread "GC Thread#3" [stack: 0x0000000102100000,0x0000000102200000] [id=10144]
  0x000001e13a3955f0 WorkerThread "GC Thread#4" [stack: 0x0000000102200000,0x0000000102300000] [id=23548]
  0x000001e13a3718d0 WorkerThread "GC Thread#5" [stack: 0x0000000102300000,0x0000000102400000] [id=20720]
  0x000001e13a371e70 WorkerThread "GC Thread#6" [stack: 0x0000000102400000,0x0000000102500000] [id=3568]
  0x000001e13a371600 WorkerThread "GC Thread#7" [stack: 0x0000000102500000,0x0000000102600000] [id=17044]
  0x000001e116e82690 ConcurrentGCThread "G1 Main Marker" [stack: 0x0000000100800000,0x0000000100900000] [id=2604]
  0x000001e116e83770 WorkerThread "G1 Conc#0" [stack: 0x0000000100900000,0x0000000100a00000] [id=9232]
  0x000001e13515d410 ConcurrentGCThread "G1 Refine#0" [stack: 0x0000000100a00000,0x0000000100b00000] [id=22820]
  0x000001e13515dc00 ConcurrentGCThread "G1 Service" [stack: 0x0000000100b00000,0x0000000100c00000] [id=7092]

Threads with active compile tasks:
C2 CompilerThread0     1106 1466 % !   4       com.sun.crypto.provider.PBKDF2KeyImpl::deriveKey @ 191 (295 bytes)
C1 CompilerThread0     1106 1856       3       java.util.Arrays::copyOfRange (90 bytes)
C2 CompilerThread1     1106 1694       4       javax.crypto.Mac::doFinal (38 bytes)
C2 CompilerThread2     1106 1693       4       javax.crypto.Mac::doFinal (65 bytes)

VM state: not at safepoint (normal execution)

VM Mutex/Monitor currently owned by a thread: None

Heap address: 0x0000000082c00000, size: 2004 MB, Compressed Oops mode: 32-bit

CDS archive(s) mapped at: [0x0000000800000000-0x0000000800c40000-0x0000000800c40000), size 12845056, SharedBaseAddress: 0x0000000800000000, ArchiveRelocationMode: 0.
Compressed class space mapped at: 0x0000000801000000-0x0000000841000000, reserved size: 1073741824
Narrow klass base: 0x0000000800000000, Narrow klass shift: 0, Narrow klass range: 0x100000000

GC Precious Log:
 CardTable entry size: 512
 Card Set container configuration: InlinePtr #cards 5 size 8 Array Of Cards #cards 12 size 40 Howl #buckets 4 coarsen threshold 1843 Howl Bitmap #cards 512 size 80 coarsen threshold 460 Card regions per heap region 1 cards per card region 2048
 CPUs: 8 total, 8 available
 Memory: 8010M
 Large Page Support: Disabled
 NUMA Support: Disabled
 Compressed Oops: Enabled (32-bit)
 Heap Region Size: 1M
 Heap Min Capacity: 8M
 Heap Initial Capacity: 126M
 Heap Max Capacity: 2004M
 Pre-touch: Disabled
 Parallel Workers: 8
 Concurrent Workers: 2
 Concurrent Refinement Workers: 8
 Periodic GC: Disabled

Heap:
 garbage-first heap   total 129024K, used 23552K [0x0000000082c00000, 0x0000000100000000)
  region size 1024K, 24 young (24576K), 3 survivors (3072K)
 Metaspace       used 14606K, committed 14912K, reserved 1114112K
  class space    used 1591K, committed 1728K, reserved 1048576K

Heap Regions: E=young(eden), S=young(survivor), O=old, HS=humongous(starts), HC=humongous(continues), CS=collection set, F=free, OA=open archive, CA=closed archive, TAMS=top-at-mark-start (previous, next)
|   0|0x0000000082c00000, 0x0000000082c00000, 0x0000000082d00000|  0%| F|  |TAMS 0x0000000082c00000, 0x0000000082c00000| Untracked 
|   1|0x0000000082d00000, 0x0000000082d00000, 0x0000000082e00000|  0%| F|  |TAMS 0x0000000082d00000, 0x0000000082d00000| Untracked 
|   2|0x0000000082e00000, 0x0000000082e00000, 0x0000000082f00000|  0%| F|  |TAMS 0x0000000082e00000, 0x0000000082e00000| Untracked 
|   3|0x0000000082f00000, 0x0000000082f00000, 0x0000000083000000|  0%| F|  |TAMS 0x0000000082f00000, 0x0000000082f00000| Untracked 
|   4|0x0000000083000000, 0x0000000083000000, 0x0000000083100000|  0%| F|  |TAMS 0x0000000083000000, 0x0000000083000000| Untracked 
|   5|0x0000000083100000, 0x0000000083100000, 0x0000000083200000|  0%| F|  |TAMS 0x0000000083100000, 0x0000000083100000| Untracked 
|   6|0x0000000083200000, 0x0000000083200000, 0x0000000083300000|  0%| F|  |TAMS 0x0000000083200000, 0x0000000083200000| Untracked 
|   7|0x0000000083300000, 0x0000000083300000, 0x0000000083400000|  0%| F|  |TAMS 0x0000000083300000, 0x0000000083300000| Untracked 
|   8|0x0000000083400000, 0x0000000083400000, 0x0000000083500000|  0%| F|  |TAMS 0x0000000083400000, 0x0000000083400000| Untracked 
|   9|0x0000000083500000, 0x0000000083500000, 0x0000000083600000|  0%| F|  |TAMS 0x0000000083500000, 0x0000000083500000| Untracked 
|  10|0x0000000083600000, 0x0000000083600000, 0x0000000083700000|  0%| F|  |TAMS 0x0000000083600000, 0x0000000083600000| Untracked 
|  11|0x0000000083700000, 0x0000000083700000, 0x0000000083800000|  0%| F|  |TAMS 0x0000000083700000, 0x0000000083700000| Untracked 
|  12|0x0000000083800000, 0x0000000083800000, 0x0000000083900000|  0%| F|  |TAMS 0x0000000083800000, 0x0000000083800000| Untracked 
|  13|0x0000000083900000, 0x0000000083900000, 0x0000000083a00000|  0%| F|  |TAMS 0x0000000083900000, 0x0000000083900000| Untracked 
|  14|0x0000000083a00000, 0x0000000083a00000, 0x0000000083b00000|  0%| F|  |TAMS 0x0000000083a00000, 0x0000000083a00000| Untracked 
|  15|0x0000000083b00000, 0x0000000083b00000, 0x0000000083c00000|  0%| F|  |TAMS 0x0000000083b00000, 0x0000000083b00000| Untracked 
|  16|0x0000000083c00000, 0x0000000083c00000, 0x0000000083d00000|  0%| F|  |TAMS 0x0000000083c00000, 0x0000000083c00000| Untracked 
|  17|0x0000000083d00000, 0x0000000083d00000, 0x0000000083e00000|  0%| F|  |TAMS 0x0000000083d00000, 0x0000000083d00000| Untracked 
|  18|0x0000000083e00000, 0x0000000083e00000, 0x0000000083f00000|  0%| F|  |TAMS 0x0000000083e00000, 0x0000000083e00000| Untracked 
|  19|0x0000000083f00000, 0x0000000083f00000, 0x0000000084000000|  0%| F|  |TAMS 0x0000000083f00000, 0x0000000083f00000| Untracked 
|  20|0x0000000084000000, 0x0000000084000000, 0x0000000084100000|  0%| F|  |TAMS 0x0000000084000000, 0x0000000084000000| Untracked 
|  21|0x0000000084100000, 0x0000000084100000, 0x0000000084200000|  0%| F|  |TAMS 0x0000000084100000, 0x0000000084100000| Untracked 
|  22|0x0000000084200000, 0x0000000084200000, 0x0000000084300000|  0%| F|  |TAMS 0x0000000084200000, 0x0000000084200000| Untracked 
|  23|0x0000000084300000, 0x0000000084300000, 0x0000000084400000|  0%| F|  |TAMS 0x0000000084300000, 0x0000000084300000| Untracked 
|  24|0x0000000084400000, 0x0000000084400000, 0x0000000084500000|  0%| F|  |TAMS 0x0000000084400000, 0x0000000084400000| Untracked 
|  25|0x0000000084500000, 0x0000000084500000, 0x0000000084600000|  0%| F|  |TAMS 0x0000000084500000, 0x0000000084500000| Untracked 
|  26|0x0000000084600000, 0x0000000084600000, 0x0000000084700000|  0%| F|  |TAMS 0x0000000084600000, 0x0000000084600000| Untracked 
|  27|0x0000000084700000, 0x0000000084700000, 0x0000000084800000|  0%| F|  |TAMS 0x0000000084700000, 0x0000000084700000| Untracked 
|  28|0x0000000084800000, 0x0000000084800000, 0x0000000084900000|  0%| F|  |TAMS 0x0000000084800000, 0x0000000084800000| Untracked 
|  29|0x0000000084900000, 0x0000000084900000, 0x0000000084a00000|  0%| F|  |TAMS 0x0000000084900000, 0x0000000084900000| Untracked 
|  30|0x0000000084a00000, 0x0000000084a00000, 0x0000000084b00000|  0%| F|  |TAMS 0x0000000084a00000, 0x0000000084a00000| Untracked 
|  31|0x0000000084b00000, 0x0000000084b00000, 0x0000000084c00000|  0%| F|  |TAMS 0x0000000084b00000, 0x0000000084b00000| Untracked 
|  32|0x0000000084c00000, 0x0000000084c00000, 0x0000000084d00000|  0%| F|  |TAMS 0x0000000084c00000, 0x0000000084c00000| Untracked 
|  33|0x0000000084d00000, 0x0000000084d00000, 0x0000000084e00000|  0%| F|  |TAMS 0x0000000084d00000, 0x0000000084d00000| Untracked 
|  34|0x0000000084e00000, 0x0000000084e00000, 0x0000000084f00000|  0%| F|  |TAMS 0x0000000084e00000, 0x0000000084e00000| Untracked 
|  35|0x0000000084f00000, 0x0000000084f00000, 0x0000000085000000|  0%| F|  |TAMS 0x0000000084f00000, 0x0000000084f00000| Untracked 
|  36|0x0000000085000000, 0x0000000085000000, 0x0000000085100000|  0%| F|  |TAMS 0x0000000085000000, 0x0000000085000000| Untracked 
|  37|0x0000000085100000, 0x0000000085100000, 0x0000000085200000|  0%| F|  |TAMS 0x0000000085100000, 0x0000000085100000| Untracked 
|  38|0x0000000085200000, 0x0000000085200000, 0x0000000085300000|  0%| F|  |TAMS 0x0000000085200000, 0x0000000085200000| Untracked 
|  39|0x0000000085300000, 0x0000000085300000, 0x0000000085400000|  0%| F|  |TAMS 0x0000000085300000, 0x0000000085300000| Untracked 
|  40|0x0000000085400000, 0x0000000085400000, 0x0000000085500000|  0%| F|  |TAMS 0x0000000085400000, 0x0000000085400000| Untracked 
|  41|0x0000000085500000, 0x0000000085500000, 0x0000000085600000|  0%| F|  |TAMS 0x0000000085500000, 0x0000000085500000| Untracked 
|  42|0x0000000085600000, 0x0000000085600000, 0x0000000085700000|  0%| F|  |TAMS 0x0000000085600000, 0x0000000085600000| Untracked 
|  43|0x0000000085700000, 0x0000000085700000, 0x0000000085800000|  0%| F|  |TAMS 0x0000000085700000, 0x0000000085700000| Untracked 
|  44|0x0000000085800000, 0x0000000085800000, 0x0000000085900000|  0%| F|  |TAMS 0x0000000085800000, 0x0000000085800000| Untracked 
|  45|0x0000000085900000, 0x0000000085900000, 0x0000000085a00000|  0%| F|  |TAMS 0x0000000085900000, 0x0000000085900000| Untracked 
|  46|0x0000000085a00000, 0x0000000085a00000, 0x0000000085b00000|  0%| F|  |TAMS 0x0000000085a00000, 0x0000000085a00000| Untracked 
|  47|0x0000000085b00000, 0x0000000085b00000, 0x0000000085c00000|  0%| F|  |TAMS 0x0000000085b00000, 0x0000000085b00000| Untracked 
|  48|0x0000000085c00000, 0x0000000085c00000, 0x0000000085d00000|  0%| F|  |TAMS 0x0000000085c00000, 0x0000000085c00000| Untracked 
|  49|0x0000000085d00000, 0x0000000085d00000, 0x0000000085e00000|  0%| F|  |TAMS 0x0000000085d00000, 0x0000000085d00000| Untracked 
|  50|0x0000000085e00000, 0x0000000085e00000, 0x0000000085f00000|  0%| F|  |TAMS 0x0000000085e00000, 0x0000000085e00000| Untracked 
|  51|0x0000000085f00000, 0x0000000085f00000, 0x0000000086000000|  0%| F|  |TAMS 0x0000000085f00000, 0x0000000085f00000| Untracked 
|  52|0x0000000086000000, 0x0000000086000000, 0x0000000086100000|  0%| F|  |TAMS 0x0000000086000000, 0x0000000086000000| Untracked 
|  53|0x0000000086100000, 0x0000000086100000, 0x0000000086200000|  0%| F|  |TAMS 0x0000000086100000, 0x0000000086100000| Untracked 
|  54|0x0000000086200000, 0x0000000086200000, 0x0000000086300000|  0%| F|  |TAMS 0x0000000086200000, 0x0000000086200000| Untracked 
|  55|0x0000000086300000, 0x0000000086300000, 0x0000000086400000|  0%| F|  |TAMS 0x0000000086300000, 0x0000000086300000| Untracked 
|  56|0x0000000086400000, 0x0000000086400000, 0x0000000086500000|  0%| F|  |TAMS 0x0000000086400000, 0x0000000086400000| Untracked 
|  57|0x0000000086500000, 0x0000000086500000, 0x0000000086600000|  0%| F|  |TAMS 0x0000000086500000, 0x0000000086500000| Untracked 
|  58|0x0000000086600000, 0x0000000086600000, 0x0000000086700000|  0%| F|  |TAMS 0x0000000086600000, 0x0000000086600000| Untracked 
|  59|0x0000000086700000, 0x0000000086700000, 0x0000000086800000|  0%| F|  |TAMS 0x0000000086700000, 0x0000000086700000| Untracked 
|  60|0x0000000086800000, 0x0000000086800000, 0x0000000086900000|  0%| F|  |TAMS 0x0000000086800000, 0x0000000086800000| Untracked 
|  61|0x0000000086900000, 0x0000000086900000, 0x0000000086a00000|  0%| F|  |TAMS 0x0000000086900000, 0x0000000086900000| Untracked 
|  62|0x0000000086a00000, 0x0000000086a00000, 0x0000000086b00000|  0%| F|  |TAMS 0x0000000086a00000, 0x0000000086a00000| Untracked 
|  63|0x0000000086b00000, 0x0000000086b00000, 0x0000000086c00000|  0%| F|  |TAMS 0x0000000086b00000, 0x0000000086b00000| Untracked 
|  64|0x0000000086c00000, 0x0000000086c00000, 0x0000000086d00000|  0%| F|  |TAMS 0x0000000086c00000, 0x0000000086c00000| Untracked 
|  65|0x0000000086d00000, 0x0000000086d00000, 0x0000000086e00000|  0%| F|  |TAMS 0x0000000086d00000, 0x0000000086d00000| Untracked 
|  66|0x0000000086e00000, 0x0000000086e00000, 0x0000000086f00000|  0%| F|  |TAMS 0x0000000086e00000, 0x0000000086e00000| Untracked 
|  67|0x0000000086f00000, 0x0000000086f00000, 0x0000000087000000|  0%| F|  |TAMS 0x0000000086f00000, 0x0000000086f00000| Untracked 
|  68|0x0000000087000000, 0x0000000087000000, 0x0000000087100000|  0%| F|  |TAMS 0x0000000087000000, 0x0000000087000000| Untracked 
|  69|0x0000000087100000, 0x0000000087100000, 0x0000000087200000|  0%| F|  |TAMS 0x0000000087100000, 0x0000000087100000| Untracked 
|  70|0x0000000087200000, 0x0000000087200000, 0x0000000087300000|  0%| F|  |TAMS 0x0000000087200000, 0x0000000087200000| Untracked 
|  71|0x0000000087300000, 0x0000000087300000, 0x0000000087400000|  0%| F|  |TAMS 0x0000000087300000, 0x0000000087300000| Untracked 
|  72|0x0000000087400000, 0x0000000087400000, 0x0000000087500000|  0%| F|  |TAMS 0x0000000087400000, 0x0000000087400000| Untracked 
|  73|0x0000000087500000, 0x0000000087500000, 0x0000000087600000|  0%| F|  |TAMS 0x0000000087500000, 0x0000000087500000| Untracked 
|  74|0x0000000087600000, 0x0000000087600000, 0x0000000087700000|  0%| F|  |TAMS 0x0000000087600000, 0x0000000087600000| Untracked 
|  75|0x0000000087700000, 0x0000000087700000, 0x0000000087800000|  0%| F|  |TAMS 0x0000000087700000, 0x0000000087700000| Untracked 
|  76|0x0000000087800000, 0x0000000087800000, 0x0000000087900000|  0%| F|  |TAMS 0x0000000087800000, 0x0000000087800000| Untracked 
|  77|0x0000000087900000, 0x0000000087900000, 0x0000000087a00000|  0%| F|  |TAMS 0x0000000087900000, 0x0000000087900000| Untracked 
|  78|0x0000000087a00000, 0x0000000087a00000, 0x0000000087b00000|  0%| F|  |TAMS 0x0000000087a00000, 0x0000000087a00000| Untracked 
|  79|0x0000000087b00000, 0x0000000087b00000, 0x0000000087c00000|  0%| F|  |TAMS 0x0000000087b00000, 0x0000000087b00000| Untracked 
|  80|0x0000000087c00000, 0x0000000087c00000, 0x0000000087d00000|  0%| F|  |TAMS 0x0000000087c00000, 0x0000000087c00000| Untracked 
|  81|0x0000000087d00000, 0x0000000087d00000, 0x0000000087e00000|  0%| F|  |TAMS 0x0000000087d00000, 0x0000000087d00000| Untracked 
|  82|0x0000000087e00000, 0x0000000087e00000, 0x0000000087f00000|  0%| F|  |TAMS 0x0000000087e00000, 0x0000000087e00000| Untracked 
|  83|0x0000000087f00000, 0x0000000087f00000, 0x0000000088000000|  0%| F|  |TAMS 0x0000000087f00000, 0x0000000087f00000| Untracked 
|  84|0x0000000088000000, 0x0000000088000000, 0x0000000088100000|  0%| F|  |TAMS 0x0000000088000000, 0x0000000088000000| Untracked 
|  85|0x0000000088100000, 0x0000000088100000, 0x0000000088200000|  0%| F|  |TAMS 0x0000000088100000, 0x0000000088100000| Untracked 
|  86|0x0000000088200000, 0x0000000088200000, 0x0000000088300000|  0%| F|  |TAMS 0x0000000088200000, 0x0000000088200000| Untracked 
|  87|0x0000000088300000, 0x0000000088300000, 0x0000000088400000|  0%| F|  |TAMS 0x0000000088300000, 0x0000000088300000| Untracked 
|  88|0x0000000088400000, 0x0000000088400000, 0x0000000088500000|  0%| F|  |TAMS 0x0000000088400000, 0x0000000088400000| Untracked 
|  89|0x0000000088500000, 0x0000000088500000, 0x0000000088600000|  0%| F|  |TAMS 0x0000000088500000, 0x0000000088500000| Untracked 
|  90|0x0000000088600000, 0x0000000088600000, 0x0000000088700000|  0%| F|  |TAMS 0x0000000088600000, 0x0000000088600000| Untracked 
|  91|0x0000000088700000, 0x0000000088700000, 0x0000000088800000|  0%| F|  |TAMS 0x0000000088700000, 0x0000000088700000| Untracked 
|  92|0x0000000088800000, 0x0000000088800000, 0x0000000088900000|  0%| F|  |TAMS 0x0000000088800000, 0x0000000088800000| Untracked 
|  93|0x0000000088900000, 0x0000000088900000, 0x0000000088a00000|  0%| F|  |TAMS 0x0000000088900000, 0x0000000088900000| Untracked 
|  94|0x0000000088a00000, 0x0000000088a00000, 0x0000000088b00000|  0%| F|  |TAMS 0x0000000088a00000, 0x0000000088a00000| Untracked 
|  95|0x0000000088b00000, 0x0000000088b00000, 0x0000000088c00000|  0%| F|  |TAMS 0x0000000088b00000, 0x0000000088b00000| Untracked 
|  96|0x0000000088c00000, 0x0000000088c00000, 0x0000000088d00000|  0%| F|  |TAMS 0x0000000088c00000, 0x0000000088c00000| Untracked 
|  97|0x0000000088d00000, 0x0000000088d00000, 0x0000000088e00000|  0%| F|  |TAMS 0x0000000088d00000, 0x0000000088d00000| Untracked 
|  98|0x0000000088e00000, 0x0000000088e00000, 0x0000000088f00000|  0%| F|  |TAMS 0x0000000088e00000, 0x0000000088e00000| Untracked 
|  99|0x0000000088f00000, 0x0000000088f00000, 0x0000000089000000|  0%| F|  |TAMS 0x0000000088f00000, 0x0000000088f00000| Untracked 
| 100|0x0000000089000000, 0x0000000089100000, 0x0000000089100000|100%| S|CS|TAMS 0x0000000089000000, 0x0000000089000000| Complete 
| 101|0x0000000089100000, 0x0000000089200000, 0x0000000089200000|100%| S|CS|TAMS 0x0000000089100000, 0x0000000089100000| Complete 
| 102|0x0000000089200000, 0x0000000089300000, 0x0000000089300000|100%| S|CS|TAMS 0x0000000089200000, 0x0000000089200000| Complete 
| 103|0x0000000089300000, 0x0000000089300000, 0x0000000089400000|  0%| F|  |TAMS 0x0000000089300000, 0x0000000089300000| Untracked 
| 104|0x0000000089400000, 0x0000000089400000, 0x0000000089500000|  0%| F|  |TAMS 0x0000000089400000, 0x0000000089400000| Untracked 
| 105|0x0000000089500000, 0x00000000895622c0, 0x0000000089600000| 38%| E|  |TAMS 0x0000000089500000, 0x0000000089500000| Complete 
| 106|0x0000000089600000, 0x0000000089700000, 0x0000000089700000|100%| E|CS|TAMS 0x0000000089600000, 0x0000000089600000| Complete 
| 107|0x0000000089700000, 0x0000000089800000, 0x0000000089800000|100%| E|CS|TAMS 0x0000000089700000, 0x0000000089700000| Complete 
| 108|0x0000000089800000, 0x0000000089900000, 0x0000000089900000|100%| E|CS|TAMS 0x0000000089800000, 0x0000000089800000| Complete 
| 109|0x0000000089900000, 0x0000000089a00000, 0x0000000089a00000|100%| E|CS|TAMS 0x0000000089900000, 0x0000000089900000| Complete 
| 110|0x0000000089a00000, 0x0000000089b00000, 0x0000000089b00000|100%| E|CS|TAMS 0x0000000089a00000, 0x0000000089a00000| Complete 
| 111|0x0000000089b00000, 0x0000000089c00000, 0x0000000089c00000|100%| E|CS|TAMS 0x0000000089b00000, 0x0000000089b00000| Complete 
| 112|0x0000000089c00000, 0x0000000089d00000, 0x0000000089d00000|100%| E|CS|TAMS 0x0000000089c00000, 0x0000000089c00000| Complete 
| 113|0x0000000089d00000, 0x0000000089e00000, 0x0000000089e00000|100%| E|CS|TAMS 0x0000000089d00000, 0x0000000089d00000| Complete 
| 114|0x0000000089e00000, 0x0000000089f00000, 0x0000000089f00000|100%| E|CS|TAMS 0x0000000089e00000, 0x0000000089e00000| Complete 
| 115|0x0000000089f00000, 0x000000008a000000, 0x000000008a000000|100%| E|CS|TAMS 0x0000000089f00000, 0x0000000089f00000| Complete 
| 116|0x000000008a000000, 0x000000008a100000, 0x000000008a100000|100%| E|CS|TAMS 0x000000008a000000, 0x000000008a000000| Complete 
| 117|0x000000008a100000, 0x000000008a200000, 0x000000008a200000|100%| E|CS|TAMS 0x000000008a100000, 0x000000008a100000| Complete 
| 118|0x000000008a200000, 0x000000008a300000, 0x000000008a300000|100%| E|CS|TAMS 0x000000008a200000, 0x000000008a200000| Complete 
| 119|0x000000008a300000, 0x000000008a400000, 0x000000008a400000|100%| E|CS|TAMS 0x000000008a300000, 0x000000008a300000| Complete 
| 120|0x000000008a400000, 0x000000008a500000, 0x000000008a500000|100%| E|CS|TAMS 0x000000008a400000, 0x000000008a400000| Complete 
| 121|0x000000008a500000, 0x000000008a600000, 0x000000008a600000|100%| E|CS|TAMS 0x000000008a500000, 0x000000008a500000| Complete 
| 122|0x000000008a600000, 0x000000008a700000, 0x000000008a700000|100%| E|CS|TAMS 0x000000008a600000, 0x000000008a600000| Complete 
| 123|0x000000008a700000, 0x000000008a800000, 0x000000008a800000|100%| E|CS|TAMS 0x000000008a700000, 0x000000008a700000| Complete 
| 124|0x000000008a800000, 0x000000008a900000, 0x000000008a900000|100%| E|CS|TAMS 0x000000008a800000, 0x000000008a800000| Complete 
| 125|0x000000008a900000, 0x000000008aa00000, 0x000000008aa00000|100%| E|CS|TAMS 0x000000008a900000, 0x000000008a900000| Complete 

Card table byte_map: [0x000001e12e490000,0x000001e12e880000] _byte_map_base: 0x000001e12e07a000

Marking Bits (Prev, Next): (CMBitMap*) 0x000001e116e71fe0, (CMBitMap*) 0x000001e116e72020
 Prev Bits: [0x000001e12ec70000, 0x000001e130bc0000)
 Next Bits: [0x000001e130bc0000, 0x000001e132b10000)

Polling page: 0x000001e1165e0000

Metaspace:

Usage:
  Non-class:     12.72 MB used.
      Class:      1.56 MB used.
       Both:     14.27 MB used.

Virtual space:
  Non-class space:       64.00 MB reserved,      12.94 MB ( 20%) committed,  1 nodes.
      Class space:        1.00 GB reserved,       1.69 MB ( <1%) committed,  1 nodes.
             Both:        1.06 GB reserved,      14.62 MB (  1%) committed. 

Chunk freelists:
   Non-Class:  2.50 MB
       Class:  2.27 MB
        Both:  4.77 MB

MaxMetaspaceSize: unlimited
CompressedClassSpaceSize: 1.00 GB
Initial GC threshold: 21.00 MB
Current GC threshold: 21.00 MB
CDS: on
MetaspaceReclaimPolicy: balanced
 - commit_granule_bytes: 65536.
 - commit_granule_words: 8192.
 - virtual_space_node_default_size: 8388608.
 - enlarge_chunks_in_place: 1.
 - new_chunks_are_fully_committed: 0.
 - uncommit_free_chunks: 1.
 - use_allocation_guard: 0.


Internal statistics:

num_allocs_failed_limit: 0.
num_arena_births: 342.
num_arena_deaths: 0.
num_vsnodes_births: 2.
num_vsnodes_deaths: 0.
num_space_committed: 234.
num_space_uncommitted: 0.
num_chunks_returned_to_freelist: 0.
num_chunks_taken_from_freelist: 689.
num_chunk_merges: 0.
num_chunk_splits: 474.
num_chunks_enlarged: 309.
num_inconsistent_stats: 0.

CodeHeap 'non-profiled nmethods': size=120000Kb used=619Kb max_used=619Kb free=119381Kb
 bounds [0x000001e126840000, 0x000001e126ab0000, 0x000001e12dd70000]
CodeHeap 'profiled nmethods': size=120000Kb used=3383Kb max_used=3383Kb free=116616Kb
 bounds [0x000001e11ed70000, 0x000001e11f0c0000, 0x000001e1262a0000]
CodeHeap 'non-nmethods': size=5760Kb used=1413Kb max_used=1423Kb free=4346Kb
 bounds [0x000001e1262a0000, 0x000001e126510000, 0x000001e126840000]
 total_blobs=2434 nmethods=1847 adapters=498
 compilation: enabled
              stopped_count=0, restarted_count=0
 full_count=0

Compilation events (20 events):
Event: 1.058 Thread 0x000001e1352d9d10 1780       3       java.util.regex.Pattern::sequence (647 bytes)
Event: 1.060 Thread 0x000001e1352d9d10 nmethod 1780 0x000001e11f09ef90 code [0x000001e11f09f5a0, 0x000001e11f0a28d8]
Event: 1.060 Thread 0x000001e1352d9d10 1779       3       java.util.regex.Pattern::skip (23 bytes)
Event: 1.060 Thread 0x000001e1352d9d10 nmethod 1779 0x000001e11f0a3890 code [0x000001e11f0a3a20, 0x000001e11f0a3b58]
Event: 1.070 Thread 0x000001e1352d9d10 1781       3       java.util.regex.Pattern::range (294 bytes)
Event: 1.072 Thread 0x000001e1352d9d10 nmethod 1781 0x000001e11f0a3c10 code [0x000001e11f0a40a0, 0x000001e11f0a5f48]
Event: 1.072 Thread 0x000001e1352d9d10 1782       3       java.nio.HeapByteBuffer::put (64 bytes)
Event: 1.072 Thread 0x000001e1352d9d10 nmethod 1782 0x000001e11f0a6a10 code [0x000001e11f0a6c80, 0x000001e11f0a7678]
Event: 1.072 Thread 0x000001e1352d9d10 1783       3       java.nio.ByteBuffer::<init> (47 bytes)
Event: 1.072 Thread 0x000001e1352d9d10 nmethod 1783 0x000001e11f0a7a90 code [0x000001e11f0a7c40, 0x000001e11f0a7e88]
Event: 1.072 Thread 0x000001e1352d9d10 1784       1       oracle.jdbc.driver.T4CConnection::getT4CTTIoer (5 bytes)
Event: 1.073 Thread 0x000001e1352d9d10 nmethod 1784 0x000001e1268d4c10 code [0x000001e1268d4da0, 0x000001e1268d4e78]
Event: 1.073 Thread 0x000001e1352d9d10 1785       1       oracle.jdbc.driver.T4CTTIfun::setFunCode (6 bytes)
Event: 1.073 Thread 0x000001e1352d9d10 nmethod 1785 0x000001e1268d4f10 code [0x000001e1268d50a0, 0x000001e1268d5178]
Event: 1.077 Thread 0x000001e1352d9d10 1786       3       oracle.jdbc.driver.T4CMAREngineNIO::unmarshalUB2 (12 bytes)
Event: 1.078 Thread 0x000001e1352d9d10 nmethod 1786 0x000001e11f0a7f90 code [0x000001e11f0a8140, 0x000001e11f0a8288]
Event: 1.078 Thread 0x000001e1352d9d10 1787       3       oracle.jdbc.driver.T4CMAREngine::unmarshalBuffer (59 bytes)
Event: 1.078 Thread 0x000001e1352d9d10 nmethod 1787 0x000001e11f0a8310 code [0x000001e11f0a84e0, 0x000001e11f0a8968]
Event: 1.078 Thread 0x000001e1352d9d10 1788       3       oracle.jdbc.driver.T4CMAREngine::unmarshalCLR (11 bytes)
Event: 1.078 Thread 0x000001e1352d9d10 nmethod 1788 0x000001e11f0a8a90 code [0x000001e11f0a8c40, 0x000001e11f0a8e48]

GC Heap History (2 events):
Event: 0.643 GC heap before
{Heap before GC invocations=0 (full 0):
 garbage-first heap   total 129024K, used 22528K [0x0000000082c00000, 0x0000000100000000)
  region size 1024K, 23 young (23552K), 0 survivors (0K)
 Metaspace       used 8237K, committed 8512K, reserved 1114112K
  class space    used 788K, committed 960K, reserved 1048576K
}
Event: 0.647 GC heap after
{Heap after GC invocations=1 (full 0):
 garbage-first heap   total 129024K, used 3072K [0x0000000082c00000, 0x0000000100000000)
  region size 1024K, 3 young (3072K), 3 survivors (3072K)
 Metaspace       used 8237K, committed 8512K, reserved 1114112K
  class space    used 788K, committed 960K, reserved 1048576K
}

Dll operation events (12 events):
Event: 0.022 Loaded shared library D:\intellij\IntelliJ IDEA 2022.2.3\Java Development Kit\bin\java.dll
Event: 0.023 Loaded shared library D:\intellij\IntelliJ IDEA 2022.2.3\Java Development Kit\bin\zip.dll
Event: 0.030 Loaded shared library D:\intellij\IntelliJ IDEA 2022.2.3\Java Development Kit\bin\jsvml.dll
Event: 0.095 Loaded shared library D:\intellij\IntelliJ IDEA 2022.2.3\Java Development Kit\bin\instrument.dll
Event: 0.136 Loaded shared library D:\intellij\IntelliJ IDEA 2022.2.3\Java Development Kit\bin\jimage.dll
Event: 0.176 Loaded shared library D:\intellij\IntelliJ IDEA 2022.2.3\Java Development Kit\bin\net.dll
Event: 0.176 Loaded shared library D:\intellij\IntelliJ IDEA 2022.2.3\Java Development Kit\bin\nio.dll
Event: 0.183 Loaded shared library D:\intellij\IntelliJ IDEA 2022.2.3\Java Development Kit\bin\zip.dll
Event: 0.203 Loaded shared library D:\intellij\IntelliJ IDEA 2022.2.3\Java Development Kit\bin\management.dll
Event: 0.219 Loaded shared library D:\intellij\IntelliJ IDEA 2022.2.3\Java Development Kit\bin\management_ext.dll
Event: 0.653 Loaded shared library D:\intellij\IntelliJ IDEA 2022.2.3\Java Development Kit\bin\extnet.dll
Event: 0.698 Loaded shared library D:\intellij\IntelliJ IDEA 2022.2.3\Java Development Kit\bin\sunmscapi.dll

Deoptimization events (20 events):
Event: 1.015 Thread 0x000001e116e10150 DEOPT PACKING pc=0x000001e11f014b0a sp=0x00000001006fe1a0
Event: 1.015 Thread 0x000001e116e10150 DEOPT UNPACKING pc=0x000001e126307543 sp=0x00000001006fd638 mode 0
Event: 1.016 Thread 0x000001e116e10150 DEOPT PACKING pc=0x000001e11f014b0a sp=0x00000001006fe250
Event: 1.016 Thread 0x000001e116e10150 DEOPT UNPACKING pc=0x000001e126307543 sp=0x00000001006fd6e8 mode 0
Event: 1.021 Thread 0x000001e116e10150 Uncommon trap: trap_request=0xffffff45 fr.pc=0x000001e1268b4134 relative=0x0000000000000374
Event: 1.021 Thread 0x000001e116e10150 Uncommon trap: reason=unstable_if action=reinterpret pc=0x000001e1268b4134 method=sun.security.provider.DigestBase.engineReset()V @ 6 c2
Event: 1.021 Thread 0x000001e116e10150 DEOPT PACKING pc=0x000001e1268b4134 sp=0x00000001006fe830
Event: 1.021 Thread 0x000001e116e10150 DEOPT UNPACKING pc=0x000001e126306da3 sp=0x00000001006fe800 mode 2
Event: 1.022 Thread 0x000001e116e10150 Uncommon trap: trap_request=0xffffffde fr.pc=0x000001e1268b8494 relative=0x0000000000000994
Event: 1.022 Thread 0x000001e116e10150 Uncommon trap: reason=class_check action=maybe_recompile pc=0x000001e1268b8494 method=sun.security.provider.DigestBase.engineDigest([BII)I @ 97 c2
Event: 1.022 Thread 0x000001e116e10150 DEOPT PACKING pc=0x000001e1268b8494 sp=0x00000001006fe4b0
Event: 1.022 Thread 0x000001e116e10150 DEOPT UNPACKING pc=0x000001e126306da3 sp=0x00000001006fe4b0 mode 2
Event: 1.022 Thread 0x000001e116e10150 Uncommon trap: trap_request=0xffffffde fr.pc=0x000001e1268b8494 relative=0x0000000000000994
Event: 1.022 Thread 0x000001e116e10150 Uncommon trap: reason=class_check action=maybe_recompile pc=0x000001e1268b8494 method=sun.security.provider.DigestBase.engineDigest([BII)I @ 97 c2
Event: 1.022 Thread 0x000001e116e10150 DEOPT PACKING pc=0x000001e1268b8494 sp=0x00000001006fe530
Event: 1.022 Thread 0x000001e116e10150 DEOPT UNPACKING pc=0x000001e126306da3 sp=0x00000001006fe530 mode 2
Event: 1.022 Thread 0x000001e116e10150 Uncommon trap: trap_request=0xffffff45 fr.pc=0x000001e1268b5680 relative=0x0000000000000c60
Event: 1.022 Thread 0x000001e116e10150 Uncommon trap: reason=unstable_if action=reinterpret pc=0x000001e1268b5680 method=sun.security.provider.SHA5.implReset()V @ 8 c2
Event: 1.022 Thread 0x000001e116e10150 DEOPT PACKING pc=0x000001e1268b5680 sp=0x00000001006fe2a0
Event: 1.022 Thread 0x000001e116e10150 DEOPT UNPACKING pc=0x000001e126306da3 sp=0x00000001006fe1e8 mode 2

Classes loaded (20 events):
Event: 0.994 Loading class org/example/businessLogic/validators/ProductNameValidator
Event: 0.994 Loading class org/example/businessLogic/validators/ProductNameValidator done
Event: 0.994 Loading class org/example/dataAccess/ProductDAO
Event: 0.994 Loading class org/example/dataAccess/ProductDAO done
Event: 0.994 Loading class org/example/model/Product
Event: 0.994 Loading class org/example/model/Product done
Event: 1.034 Loading class sun/invoke/util/ValueConversions$1
Event: 1.034 Loading class sun/invoke/util/ValueConversions$1 done
Event: 1.034 Loading class java/lang/invoke/BoundMethodHandle$Species_LI
Event: 1.034 Loading class java/lang/invoke/BoundMethodHandle$Species_LI done
Event: 1.038 Loading class java/math/BigDecimal$StringBuilderHelper
Event: 1.038 Loading class java/math/BigDecimal$StringBuilderHelper done
Event: 1.051 Loading class java/lang/invoke/BoundMethodHandle$Species_LLLLLLLL
Event: 1.052 Loading class java/lang/invoke/BoundMethodHandle$Species_LLLLLLLL done
Event: 1.054 Loading class org/example/businessLogic/OrderBLL
Event: 1.054 Loading class org/example/businessLogic/OrderBLL done
Event: 1.055 Loading class org/example/businessLogic/validators/QuantityBillValidator
Event: 1.055 Loading class org/example/businessLogic/validators/QuantityBillValidator done
Event: 1.055 Loading class org/example/dataAccess/BillDAO
Event: 1.055 Loading class org/example/dataAccess/BillDAO done

Classes unloaded (0 events):
No events

Classes redefined (0 events):
No events

Internal exceptions (20 events):
Event: 0.501 Thread 0x000001e116e10150 Exception <a 'sun/nio/fs/WindowsException'{0x000000008976c5d0}> (0x000000008976c5d0) 
thrown [s\open\src\hotspot\share\prims\jni.cpp, line 517]
Event: 0.515 Thread 0x000001e116e10150 Exception <a 'java/lang/NoClassDefFoundError'{0x00000000897e7428}: oracle/dms/console/DMSConsole> (0x00000000897e7428) 
thrown [s\open\src\hotspot\share\classfile\systemDictionary.cpp, line 244]
Event: 0.533 Thread 0x000001e116e10150 Exception <a 'java/lang/NoSuchMethodError'{0x00000000895348a0}: 'int java.lang.invoke.DirectMethodHandle$Holder.invokeStaticInit(java.lang.Object, java.lang.Object)'> (0x00000000895348a0) 
thrown [s\open\src\hotspot\share\interpreter\linkResolver.cpp, line 774]
Event: 0.547 Thread 0x000001e116e10150 Exception <a 'java/lang/NoSuchMethodError'{0x00000000895bac00}: 'java.lang.Object java.lang.invoke.DirectMethodHandle$Holder.invokeStaticInit(java.lang.Object, int, int, int, int)'> (0x00000000895bac00) 
thrown [s\open\src\hotspot\share\interpreter\linkResolver.cpp, line 774]
Event: 0.601 Thread 0x000001e116e10150 Exception <a 'java/lang/NoSuchMethodError'{0x000000008945ec88}: 'java.lang.Object java.lang.invoke.DirectMethodHandle$Holder.invokeStaticInit(java.lang.Object, java.lang.Object, int, int, int, int)'> (0x000000008945ec88) 
thrown [s\open\src\hotspot\share\interpreter\linkResolver.cpp, line 774]
Event: 0.633 Thread 0x000001e116e10150 Exception <a 'java/lang/NoSuchMethodError'{0x00000000893adea0}: 'java.lang.Object java.lang.invoke.DirectMethodHandle$Holder.invokeStatic(java.lang.Object, int, java.lang.Object)'> (0x00000000893adea0) 
thrown [s\open\src\hotspot\share\interpreter\linkResolver.cpp, line 774]
Event: 0.675 Thread 0x000001e116e10150 Exception <a 'java/lang/NoSuchMethodError'{0x000000008a856df8}: 'int java.lang.invoke.DirectMethodHandle$Holder.invokeSpecialIFC(java.lang.Object, java.lang.Object, java.lang.Object)'> (0x000000008a856df8) 
thrown [s\open\src\hotspot\share\interpreter\linkResolver.cpp, line 774]
Event: 0.684 Thread 0x000001e116e10150 Exception <a 'java/lang/NoSuchMethodError'{0x000000008a8d3208}: 'java.lang.Object java.lang.invoke.DirectMethodHandle$Holder.invokeVirtual(java.lang.Object, java.lang.Object, int)'> (0x000000008a8d3208) 
thrown [s\open\src\hotspot\share\interpreter\linkResolver.cpp, line 774]
Event: 0.802 Thread 0x000001e116e10150 Implicit null exception at 0x000001e1268b0476 to 0x000001e1268b0df0
Event: 0.812 Thread 0x000001e116e10150 Exception <a 'java/lang/NoSuchMethodError'{0x000000008a3c6888}: 'void java.lang.invoke.DirectMethodHandle$Holder.invokeVirtual(java.lang.Object, java.lang.Object)'> (0x000000008a3c6888) 
thrown [s\open\src\hotspot\share\interpreter\linkResolver.cpp, line 774]
Event: 0.911 Thread 0x000001e116e10150 Exception <a 'java/lang/NoSuchMethodError'{0x0000000089d4ff38}: 'long java.lang.invoke.DirectMethodHandle$Holder.invokeSpecial(java.lang.Object, java.lang.Object)'> (0x0000000089d4ff38) 
thrown [s\open\src\hotspot\share\interpreter\linkResolver.cpp, line 774]
Event: 0.911 Thread 0x000001e116e10150 Exception <a 'java/lang/NoSuchMethodError'{0x0000000089d535e0}: 'long java.lang.invoke.Invokers$Holder.invokeExact_MT(java.lang.Object, java.lang.Object)'> (0x0000000089d535e0) 
thrown [s\open\src\hotspot\share\interpreter\linkResolver.cpp, line 774]
Event: 1.022 Thread 0x000001e116e10150 Implicit null exception at 0x000001e1268b4b00 to 0x000001e1268b5658
Event: 1.033 Thread 0x000001e116e10150 Exception <a 'java/lang/NoSuchMethodError'{0x00000000898f5470}: 'void java.lang.invoke.DirectMethodHandle$Holder.invokeVirtual(java.lang.Object, java.lang.Object, int)'> (0x00000000898f5470) 
thrown [s\open\src\hotspot\share\interpreter\linkResolver.cpp, line 774]
Event: 1.034 Thread 0x000001e116e10150 Exception <a 'java/lang/NoSuchMethodError'{0x00000000898fa2f8}: 'int java.lang.invoke.DirectMethodHandle$Holder.invokeSpecial(java.lang.Object, java.lang.Object, java.lang.Object, int)'> (0x00000000898fa2f8) 
thrown [s\open\src\hotspot\share\interpreter\linkResolver.cpp, line 774]
Event: 1.036 Thread 0x000001e116e10150 Exception <a 'java/lang/NoSuchMethodError'{0x000000008970fe48}: 'java.lang.Object java.lang.invoke.DirectMethodHandle$Holder.invokeStatic(java.lang.Object, java.lang.Object, java.lang.Object, java.lang.Object, int)'> (0x000000008970fe48) 
thrown [s\open\src\hotspot\share\interpreter\linkResolver.cpp, line 774]
Event: 1.036 Thread 0x000001e116e10150 Exception <a 'java/lang/NoSuchMethodError'{0x0000000089717c38}: 'void java.lang.invoke.DelegatingMethodHandle$Holder.reinvoke_L(java.lang.Object, java.lang.Object, int)'> (0x0000000089717c38) 
thrown [s\open\src\hotspot\share\interpreter\linkResolver.cpp, line 774]
Event: 1.039 Thread 0x000001e116e10150 Exception <a 'java/lang/NoSuchMethodError'{0x000000008972bb30}: 'void java.lang.invoke.DirectMethodHandle$Holder.invokeVirtual(java.lang.Object, java.lang.Object, double)'> (0x000000008972bb30) 
thrown [s\open\src\hotspot\share\interpreter\linkResolver.cpp, line 774]
Event: 1.040 Thread 0x000001e116e10150 Exception <a 'java/lang/NoSuchMethodError'{0x0000000089736698}: 'double java.lang.invoke.DelegatingMethodHandle$Holder.reinvoke_L(java.lang.Object, java.lang.Object, int)'> (0x0000000089736698) 
thrown [s\open\src\hotspot\share\interpreter\linkResolver.cpp, line 774]
Event: 1.041 Thread 0x000001e116e10150 Exception <a 'java/lang/NoSuchMethodError'{0x0000000089740b68}: 'void java.lang.invoke.DelegatingMethodHandle$Holder.reinvoke_L(java.lang.Object, java.lang.Object, double)'> (0x0000000089740b68) 
thrown [s\open\src\hotspot\share\interpreter\linkResolver.cpp, line 774]

VM Operations (20 events):
Event: 0.124 Executing VM operation: ChangeBreakpoints
Event: 0.124 Executing VM operation: ChangeBreakpoints done
Event: 0.390 Executing VM operation: HandshakeAllThreads
Event: 0.390 Executing VM operation: HandshakeAllThreads done
Event: 0.391 Executing VM operation: HandshakeAllThreads
Event: 0.391 Executing VM operation: HandshakeAllThreads done
Event: 0.507 Executing VM operation: HandshakeAllThreads
Event: 0.507 Executing VM operation: HandshakeAllThreads done
Event: 0.521 Executing VM operation: HandshakeAllThreads
Event: 0.521 Executing VM operation: HandshakeAllThreads done
Event: 0.536 Executing VM operation: HandshakeAllThreads
Event: 0.536 Executing VM operation: HandshakeAllThreads done
Event: 0.559 Executing VM operation: HandshakeAllThreads
Event: 0.559 Executing VM operation: HandshakeAllThreads done
Event: 0.643 Executing VM operation: G1CollectForAllocation
Event: 0.647 Executing VM operation: G1CollectForAllocation done
Event: 0.647 Executing VM operation: HandshakeAllThreads
Event: 0.648 Executing VM operation: HandshakeAllThreads done
Event: 0.922 Executing VM operation: HandshakeAllThreads
Event: 0.922 Executing VM operation: HandshakeAllThreads done

Events (20 events):
Event: 0.031 Thread 0x000001e116e10150 Thread added: 0x000001e116e10150
Event: 0.043 Thread 0x000001e1352c1aa0 Thread added: 0x000001e1352c1aa0
Event: 0.043 Thread 0x000001e1352c25d0 Thread added: 0x000001e1352c25d0
Event: 0.043 Thread 0x000001e1352c9290 Thread added: 0x000001e1352c9290
Event: 0.043 Thread 0x000001e1352c9bc0 Thread added: 0x000001e1352c9bc0
Event: 0.043 Thread 0x000001e1352ca4f0 Thread added: 0x000001e1352ca4f0
Event: 0.043 Thread 0x000001e1352cae20 Thread added: 0x000001e1352cae20
Event: 0.043 Thread 0x000001e1352cef80 Thread added: 0x000001e1352cef80
Event: 0.043 Thread 0x000001e1352d9d10 Thread added: 0x000001e1352d9d10
Event: 0.043 Thread 0x000001e1352e2e50 Thread added: 0x000001e1352e2e50
Event: 0.061 Thread 0x000001e1398f1a20 Thread added: 0x000001e1398f1a20
Event: 0.082 Thread 0x000001e139983450 Thread added: 0x000001e139983450
Event: 0.082 Thread 0x000001e139983fd0 Thread added: 0x000001e139983fd0
Event: 0.082 Thread 0x000001e139984520 Thread added: 0x000001e139984520
Event: 0.109 Thread 0x000001e1398ee500 Thread added: 0x000001e1398ee500
Event: 0.340 Thread 0x000001e139c66a20 Thread added: 0x000001e139c66a20
Event: 0.347 Thread 0x000001e139c88490 Thread added: 0x000001e139c88490
Event: 0.518 Thread 0x000001e1398eff90 Thread added: 0x000001e1398eff90
Event: 0.667 Thread 0x000001e1398f0f80 Thread added: 0x000001e1398f0f80
Event: 0.843 Thread 0x000001e1398ef4f0 Thread added: 0x000001e1398ef4f0


Dynamic libraries:
0x00007ff6daed0000 - 0x00007ff6daede000 	D:\intellij\IntelliJ IDEA 2022.2.3\Java Development Kit\bin\java.exe
0x00007ff978ea0000 - 0x00007ff9790a9000 	C:\WINDOWS\SYSTEM32\ntdll.dll
0x00007ff976ce0000 - 0x00007ff976d9e000 	C:\WINDOWS\System32\KERNEL32.DLL
0x00007ff9763f0000 - 0x00007ff976774000 	C:\WINDOWS\System32\KERNELBASE.dll
0x00007ff976bc0000 - 0x00007ff976cd1000 	C:\WINDOWS\System32\ucrtbase.dll
0x00007ff94f910000 - 0x00007ff94f92b000 	D:\intellij\IntelliJ IDEA 2022.2.3\Java Development Kit\bin\VCRUNTIME140.dll
0x00007ff9468a0000 - 0x00007ff9468b7000 	D:\intellij\IntelliJ IDEA 2022.2.3\Java Development Kit\bin\jli.dll
0x00007ff977fc0000 - 0x00007ff97816d000 	C:\WINDOWS\System32\USER32.dll
0x00007ff976320000 - 0x00007ff976346000 	C:\WINDOWS\System32\win32u.dll
0x00007ff956650000 - 0x00007ff9568f5000 	C:\WINDOWS\WinSxS\amd64_microsoft.windows.common-controls_6595b64144ccf1df_6.0.22000.120_none_9d947278b86cc467\COMCTL32.dll
0x00007ff978b10000 - 0x00007ff978b3a000 	C:\WINDOWS\System32\GDI32.dll
0x00007ff978b50000 - 0x00007ff978bf3000 	C:\WINDOWS\System32\msvcrt.dll
0x00007ff976780000 - 0x00007ff97689f000 	C:\WINDOWS\System32\gdi32full.dll
0x00007ff976350000 - 0x00007ff9763ed000 	C:\WINDOWS\System32\msvcp_win.dll
0x00007ff978330000 - 0x00007ff978361000 	C:\WINDOWS\System32\IMM32.DLL
0x00007ff964800000 - 0x00007ff96480c000 	D:\intellij\IntelliJ IDEA 2022.2.3\Java Development Kit\bin\vcruntime140_1.dll
0x00007ff93ebc0000 - 0x00007ff93ec4e000 	D:\intellij\IntelliJ IDEA 2022.2.3\Java Development Kit\bin\msvcp140.dll
0x00007ff8db3a0000 - 0x00007ff8dc060000 	D:\intellij\IntelliJ IDEA 2022.2.3\Java Development Kit\bin\server\jvm.dll
0x00007ff978a00000 - 0x00007ff978aaf000 	C:\WINDOWS\System32\ADVAPI32.dll
0x00007ff978d10000 - 0x00007ff978dae000 	C:\WINDOWS\System32\sechost.dll
0x00007ff976da0000 - 0x00007ff976ec1000 	C:\WINDOWS\System32\RPCRT4.dll
0x00007ff966060000 - 0x00007ff966093000 	C:\WINDOWS\SYSTEM32\WINMM.dll
0x00007ff970fd0000 - 0x00007ff970fda000 	C:\WINDOWS\SYSTEM32\VERSION.dll
0x00007ff95dc40000 - 0x00007ff95dc49000 	C:\WINDOWS\SYSTEM32\WSOCK32.dll
0x00007ff978c90000 - 0x00007ff978cff000 	C:\WINDOWS\System32\WS2_32.dll
0x00007ff975450000 - 0x00007ff975468000 	C:\WINDOWS\SYSTEM32\kernel.appcore.dll
0x00007ff959c20000 - 0x00007ff959c2a000 	D:\intellij\IntelliJ IDEA 2022.2.3\Java Development Kit\bin\jimage.dll
0x00007ff964100000 - 0x00007ff964321000 	C:\WINDOWS\SYSTEM32\DBGHELP.DLL
0x00007ff9643c0000 - 0x00007ff9643f1000 	C:\WINDOWS\SYSTEM32\dbgcore.DLL
0x00007ff976b40000 - 0x00007ff976bbf000 	C:\WINDOWS\System32\bcryptPrimitives.dll
0x00007ff964860000 - 0x00007ff96489c000 	D:\intellij\IntelliJ IDEA 2022.2.3\Java Development Kit\bin\jdwp.dll
0x00007ff964e00000 - 0x00007ff964e0e000 	D:\intellij\IntelliJ IDEA 2022.2.3\Java Development Kit\bin\instrument.dll
0x00007ff93ece0000 - 0x00007ff93ed06000 	D:\intellij\IntelliJ IDEA 2022.2.3\Java Development Kit\bin\java.dll
0x00007ff93f9f0000 - 0x00007ff93fa08000 	D:\intellij\IntelliJ IDEA 2022.2.3\Java Development Kit\bin\zip.dll
0x00007ff921ff0000 - 0x00007ff9220c7000 	D:\intellij\IntelliJ IDEA 2022.2.3\Java Development Kit\bin\jsvml.dll
0x00007ff977090000 - 0x00007ff977855000 	C:\WINDOWS\System32\SHELL32.dll
0x00007ff9743d0000 - 0x00007ff974c34000 	C:\WINDOWS\SYSTEM32\windows.storage.dll
0x00007ff978390000 - 0x00007ff978706000 	C:\WINDOWS\System32\combase.dll
0x00007ff974260000 - 0x00007ff9743c7000 	C:\WINDOWS\SYSTEM32\wintypes.dll
0x00007ff9778d0000 - 0x00007ff9779ba000 	C:\WINDOWS\System32\SHCORE.dll
0x00007ff9779c0000 - 0x00007ff977a1d000 	C:\WINDOWS\System32\shlwapi.dll
0x00007ff976250000 - 0x00007ff976271000 	C:\WINDOWS\SYSTEM32\profapi.dll
0x00007ff964df0000 - 0x00007ff964dfc000 	D:\intellij\IntelliJ IDEA 2022.2.3\Java Development Kit\bin\dt_socket.dll
0x00007ff974f60000 - 0x00007ff974f8d000 	C:\WINDOWS\SYSTEM32\IPHLPAPI.DLL
0x00007ff9758e0000 - 0x00007ff975947000 	C:\WINDOWS\system32\mswsock.dll
0x00007ff955200000 - 0x00007ff955213000 	D:\intellij\IntelliJ IDEA 2022.2.3\Java Development Kit\bin\net.dll
0x00007ff970b80000 - 0x00007ff970c93000 	C:\WINDOWS\SYSTEM32\WINHTTP.dll
0x00007ff942ad0000 - 0x00007ff942ae6000 	D:\intellij\IntelliJ IDEA 2022.2.3\Java Development Kit\bin\nio.dll
0x00007ff93ed10000 - 0x00007ff93ed1a000 	D:\intellij\IntelliJ IDEA 2022.2.3\Java Development Kit\bin\management.dll
0x00007ff93c2f0000 - 0x00007ff93c2fb000 	D:\intellij\IntelliJ IDEA 2022.2.3\Java Development Kit\bin\management_ext.dll
0x00007ff978b40000 - 0x00007ff978b48000 	C:\WINDOWS\System32\PSAPI.DLL
0x00007ff975bb0000 - 0x00007ff975bc8000 	C:\WINDOWS\SYSTEM32\CRYPTSP.dll
0x00007ff9753b0000 - 0x00007ff9753e5000 	C:\WINDOWS\system32\rsaenh.dll
0x00007ff975980000 - 0x00007ff9759a9000 	C:\WINDOWS\SYSTEM32\USERENV.dll
0x00007ff975d00000 - 0x00007ff975d27000 	C:\WINDOWS\SYSTEM32\bcrypt.dll
0x00007ff975ad0000 - 0x00007ff975adc000 	C:\WINDOWS\SYSTEM32\CRYPTBASE.dll
0x00007ff977fb0000 - 0x00007ff977fb9000 	C:\WINDOWS\System32\NSI.dll
0x00007ff970b60000 - 0x00007ff970b79000 	C:\WINDOWS\SYSTEM32\dhcpcsvc6.DLL
0x00007ff971320000 - 0x00007ff97133e000 	C:\WINDOWS\SYSTEM32\dhcpcsvc.DLL
0x00007ff974f90000 - 0x00007ff975078000 	C:\WINDOWS\SYSTEM32\DNSAPI.dll
0x00007ff96e660000 - 0x00007ff96e66a000 	C:\Windows\System32\rasadhlp.dll
0x00007ff96fd60000 - 0x00007ff96fde2000 	C:\WINDOWS\System32\fwpuclnt.dll
0x00007ff9551f0000 - 0x00007ff9551f8000 	D:\intellij\IntelliJ IDEA 2022.2.3\Java Development Kit\bin\extnet.dll
0x00007ff93c2e0000 - 0x00007ff93c2ee000 	D:\intellij\IntelliJ IDEA 2022.2.3\Java Development Kit\bin\sunmscapi.dll
0x00007ff976960000 - 0x00007ff976aca000 	C:\WINDOWS\System32\CRYPT32.dll
0x00007ff975cd0000 - 0x00007ff975cfa000 	C:\WINDOWS\SYSTEM32\ncrypt.dll
0x00007ff975c90000 - 0x00007ff975cc7000 	C:\WINDOWS\SYSTEM32\NTASN1.dll
0x00007ff96c770000 - 0x00007ff96c787000 	C:\WINDOWS\system32\napinsp.dll
0x00007ff957170000 - 0x00007ff95718b000 	C:\WINDOWS\system32\pnrpnsp.dll
0x00007ff956c60000 - 0x00007ff956c72000 	C:\WINDOWS\System32\winrnr.dll
0x00007ff9542d0000 - 0x00007ff9542e5000 	C:\WINDOWS\system32\wshbth.dll
0x00007ff954210000 - 0x00007ff95422f000 	C:\WINDOWS\system32\nlansp_c.dll

dbghelp: loaded successfully - version: 4.0.5 - missing functions: none
symbol engine: initialized successfully - sym options: 0x614 - pdb path: .;D:\intellij\IntelliJ IDEA 2022.2.3\Java Development Kit\bin;C:\WINDOWS\SYSTEM32;C:\WINDOWS\WinSxS\amd64_microsoft.windows.common-controls_6595b64144ccf1df_6.0.22000.120_none_9d947278b86cc467;D:\intellij\IntelliJ IDEA 2022.2.3\Java Development Kit\bin\server

VM Arguments:
jvm_args: -agentlib:jdwp=transport=dt_socket,address=127.0.0.1:61022,suspend=y,server=n -javaagent:C:\Users\gabi\AppData\Local\JetBrains\IntelliJIdea2022.2\captureAgent\debugger-agent.jar -Dfile.encoding=UTF-8 -Dsun.stdout.encoding=UTF-8 -Dsun.stderr.encoding=UTF-8 
java_command: org.example.Main
java_class_path (initial): D:\SEM 2\TP\PT2023_30229_Nistor_Gabriel_Assignment_3\PT2023_30229_Nistor_Gabriel_Assignment_3\target\classes;C:\Users\gabi\.m2\repository\com\oracle\database\jdbc\ojdbc8\21.9.0.0\ojdbc8-21.9.0.0.jar;D:\intellij\IntelliJ IDEA 2022.2.3\lib\idea_rt.jar
Launcher Type: SUN_STANDARD

[Global flags]
     intx CICompilerCount                          = 4                                         {product} {ergonomic}
     uint ConcGCThreads                            = 2                                         {product} {ergonomic}
     uint G1ConcRefinementThreads                  = 8                                         {product} {ergonomic}
   size_t G1HeapRegionSize                         = 1048576                                   {product} {ergonomic}
    uintx GCDrainStackTargetSize                   = 64                                        {product} {ergonomic}
   size_t InitialHeapSize                          = 132120576                                 {product} {ergonomic}
   size_t MarkStackSize                            = 4194304                                   {product} {ergonomic}
   size_t MaxHeapSize                              = 2101346304                                {product} {ergonomic}
   size_t MaxNewSize                               = 1260388352                                {product} {ergonomic}
   size_t MinHeapDeltaBytes                        = 1048576                                   {product} {ergonomic}
   size_t MinHeapSize                              = 8388608                                   {product} {ergonomic}
    uintx NonNMethodCodeHeapSize                   = 5839372                                {pd product} {ergonomic}
    uintx NonProfiledCodeHeapSize                  = 122909434                              {pd product} {ergonomic}
    uintx ProfiledCodeHeapSize                     = 122909434                              {pd product} {ergonomic}
    uintx ReservedCodeCacheSize                    = 251658240                              {pd product} {ergonomic}
     bool SegmentedCodeCache                       = true                                      {product} {ergonomic}
   size_t SoftMaxHeapSize                          = 2101346304                             {manageable} {ergonomic}
     bool UseCompressedClassPointers               = true                           {product lp64_product} {ergonomic}
     bool UseCompressedOops                        = true                           {product lp64_product} {ergonomic}
     bool UseG1GC                                  = true                                      {product} {ergonomic}
     bool UseLargePagesIndividualAllocation        = false                                  {pd product} {ergonomic}

Logging:
Log output configuration:
 #0: stdout all=warning uptime,level,tags foldmultilines=false
 #1: stderr all=off uptime,level,tags foldmultilines=false

Environment Variables:
PATH=D:\ORACLE\WINDOWS.X64_19300_db_home\bin;C:\Program Files\Common Files\Oracle\Java\javapath;C:\Program Files (x86)\Common Files\Oracle\Java\javapath;C:\ProgramData\Oracle\Java\javapath;C:\WINDOWS\system32;C:\WINDOWS;C:\WINDOWS\System32\Wbem;C:\WINDOWS\System32\WindowsPowerShell\v1.0\;C:\WINDOWS\System32\OpenSSH\;C:\Program Files\NVIDIA Corporation\NVIDIA NvDLISR;C:\Program Files (x86)\NVIDIA Corporation\PhysX\Common;d:\active_hdl\BIN;C:\WINDOWS\system32;C:\WINDOWS;C:\WINDOWS\System32\Wbem;C:\WINDOWS\System32\WindowsPowerShell\v1.0\;C:\WINDOWS\System32\OpenSSH\;D:\mingw\mingw64\bin;C:\Program Files (x86)\dotnet\;D:\Aplicatii\Git\cmd;C:\Users\gabi\AppData\Local\Microsoft\WindowsApps;D:\mingw\mingw64\bin;D:\mingw\mingw64\x86_64-w64-mingw32\bin;D:\mingw\cppcheck;C:\Users\gabi\AppData\Local\Programs\Microsoft VS Code\bin
USERNAME=gabi
OS=Windows_NT
PROCESSOR_IDENTIFIER=Intel64 Family 6 Model 165 Stepping 2, GenuineIntel
TMP=C:\Users\gabi\AppData\Local\Temp
TEMP=C:\Users\gabi\AppData\Local\Temp



---------------  S Y S T E M  ---------------

OS:
 Windows 11 , 64 bit Build 22000 (10.0.22000.1880)
OS uptime: 3 days 12:54 hours
Hyper-V role detected

CPU: total 8 (initial active 8) (4 cores per cpu, 2 threads per core) family 6 model 165 stepping 2 microcode 0xe2, cx8, cmov, fxsr, ht, mmx, 3dnowpref, sse, sse2, sse3, ssse3, sse4.1, sse4.2, popcnt, lzcnt, tsc, tscinvbit, avx, avx2, aes, erms, clmul, bmi1, bmi2, adx, fma, vzeroupper, clflush, clflushopt, hv, rdtscp

Memory: 4k page, system-wide physical 8010M (735M free)
TotalPageFile size 16698M (AvailPageFile size 1M)
current process WorkingSet (physical memory assigned to process): 138M, peak: 138M
current process commit charge ("private bytes"): 282M, peak: 282M

vm_info: OpenJDK 64-Bit Server VM (19+36-2238) for windows-amd64 JRE (19+36-2238), built on 2022-08-12T20:29:01Z by "mach5one" with MS VC++ 17.1 (VS2022)

END.
