#
# There is insufficient memory for the Java Runtime Environment to continue.
# Native memory allocation (malloc) failed to allocate 3878880 bytes for Chunk::new
# Possible reasons:
#   The system is out of physical RAM or swap space
#   The process is running with CompressedOops enabled, and the Java Heap may be blocking the growth of the native heap
# Possible solutions:
#   Reduce memory load on the system
#   Increase physical memory or swap space
#   Check if swap backing store is full
#   Decrease Java heap size (-Xmx/-Xms)
#   Decrease number of Java threads
#   Decrease Java thread stack sizes (-Xss)
#   Set larger code cache with -XX:ReservedCodeCacheSize=
#   JVM is running with Unscaled Compressed Oops mode in which the Java heap is
#     placed in the first 4GB address space. The Java Heap base address is the
#     maximum limit for the native heap growth. Please use -XX:HeapBaseMinAddress
#     to set the Java Heap base and to place the Java Heap above 4GB virtual address.
# This output file may be truncated or incomplete.
#
#  Out of Memory Error (arena.cpp:184), pid=2024, tid=16272
#
# JRE version: OpenJDK Runtime Environment (19.0+36) (build 19+36-2238)
# Java VM: OpenJDK 64-Bit Server VM (19+36-2238, mixed mode, sharing, tiered, compressed oops, compressed class ptrs, g1 gc, windows-amd64)
# No core dump will be written. Minidumps are not enabled by default on client versions of Windows
#

---------------  S U M M A R Y ------------

Command Line: -agentlib:jdwp=transport=dt_socket,address=127.0.0.1:52989,suspend=y,server=n -javaagent:C:\Users\gabi\AppData\Local\JetBrains\IntelliJIdea2022.2\captureAgent\debugger-agent.jar -Dfile.encoding=UTF-8 -Dsun.stdout.encoding=UTF-8 -Dsun.stderr.encoding=UTF-8 org.example.Main

Host: Intel(R) Core(TM) i5-10300H CPU @ 2.50GHz, 8 cores, 7G,  Windows 11 , 64 bit Build 22000 (10.0.22000.1880)
Time: Wed May 17 19:50:19 2023 GTB Daylight Time elapsed time: 1.078186 seconds (0d 0h 0m 1s)

---------------  T H R E A D  ---------------

Current thread (0x000001eaff84a420):  JavaThread "C2 CompilerThread2" daemon [_thread_in_native, id=16272, stack(0x00000056f3400000,0x00000056f3500000)]


Current CompileTask:
C2:   1078 1467 % !   4       com.sun.crypto.provider.PBKDF2KeyImpl::deriveKey @ 191 (295 bytes)

Stack: [0x00000056f3400000,0x00000056f3500000]
Native frames: (J=compiled Java code, j=interpreted, Vv=VM code, C=native code)
V  [jvm.dll+0x6ee8fa]
V  [jvm.dll+0x857a1e]
V  [jvm.dll+0x85940e]
V  [jvm.dll+0x859ac3]
V  [jvm.dll+0x28291f]
V  [jvm.dll+0xc9b5f]
V  [jvm.dll+0xc9ee5]
V  [jvm.dll+0x3bcbac]
V  [jvm.dll+0x1ee31a]
V  [jvm.dll+0x24c41b]
V  [jvm.dll+0x24b671]
V  [jvm.dll+0x1d6d61]
V  [jvm.dll+0x25b0fa]
V  [jvm.dll+0x259588]
V  [jvm.dll+0x807928]
V  [jvm.dll+0x8015fa]
V  [jvm.dll+0x6ed5eb]
C  [ucrtbase.dll+0x26c0c]
C  [KERNEL32.DLL+0x155a0]
C  [ntdll.dll+0x485b]


---------------  P R O C E S S  ---------------

Threads class SMR info:
_java_thread_list=0x000001ea8081e2c0, length=20, elements={
0x000001eadc9af520, 0x000001eafb16d080, 0x000001eafb16dd50, 0x000001eafb172ba0,
0x000001eafb1754e0, 0x000001eafb175fb0, 0x000001eafb196c30, 0x000001eafb197890,
0x000001eafb19ba40, 0x000001eafb1a43d0, 0x000001eaff4dae80, 0x000001eaff5c0150,
0x000001eaff543d90, 0x000001eaff5d3b40, 0x000001eaff611590, 0x000001eaff7e6ac0,
0x000001eaff84a420, 0x000001eaffbb9f40, 0x000001eafffa3850, 0x000001ea80a715c0
}

Java Threads: ( => current thread )
  0x000001eadc9af520 JavaThread "main" [_thread_in_Java, id=8324, stack(0x00000056f1d00000,0x00000056f1e00000)]
  0x000001eafb16d080 JavaThread "Reference Handler" daemon [_thread_blocked, id=7152, stack(0x00000056f2400000,0x00000056f2500000)]
  0x000001eafb16dd50 JavaThread "Finalizer" daemon [_thread_blocked, id=14312, stack(0x00000056f2500000,0x00000056f2600000)]
  0x000001eafb172ba0 JavaThread "Signal Dispatcher" daemon [_thread_blocked, id=14600, stack(0x00000056f2600000,0x00000056f2700000)]
  0x000001eafb1754e0 JavaThread "Attach Listener" daemon [_thread_blocked, id=14484, stack(0x00000056f2700000,0x00000056f2800000)]
  0x000001eafb175fb0 JavaThread "Service Thread" daemon [_thread_blocked, id=12032, stack(0x00000056f2800000,0x00000056f2900000)]
  0x000001eafb196c30 JavaThread "Monitor Deflation Thread" daemon [_thread_blocked, id=14644, stack(0x00000056f2900000,0x00000056f2a00000)]
  0x000001eafb197890 JavaThread "C2 CompilerThread0" daemon [_thread_in_native, id=4660, stack(0x00000056f2a00000,0x00000056f2b00000)]
  0x000001eafb19ba40 JavaThread "C1 CompilerThread0" daemon [_thread_blocked, id=5244, stack(0x00000056f2b00000,0x00000056f2c00000)]
  0x000001eafb1a43d0 JavaThread "Sweeper thread" daemon [_thread_blocked, id=15432, stack(0x00000056f2c00000,0x00000056f2d00000)]
  0x000001eaff4dae80 JavaThread "Common-Cleaner" daemon [_thread_blocked, id=17252, stack(0x00000056f2d00000,0x00000056f2e00000)]
  0x000001eaff5c0150 JavaThread "JDWP Transport Listener: dt_socket" daemon [_thread_blocked, id=22788, stack(0x00000056f2e00000,0x00000056f2f00000)]
  0x000001eaff543d90 JavaThread "JDWP Event Helper Thread" daemon [_thread_blocked, id=19536, stack(0x00000056f2f00000,0x00000056f3000000)]
  0x000001eaff5d3b40 JavaThread "JDWP Command Reader" daemon [_thread_in_native, id=20884, stack(0x00000056f3000000,0x00000056f3100000)]
  0x000001eaff611590 JavaThread "Notification Thread" daemon [_thread_blocked, id=16080, stack(0x00000056f3100000,0x00000056f3200000)]
  0x000001eaff7e6ac0 JavaThread "C2 CompilerThread1" daemon [_thread_in_native, id=15296, stack(0x00000056f3300000,0x00000056f3400000)]
=>0x000001eaff84a420 JavaThread "C2 CompilerThread2" daemon [_thread_in_native, id=16272, stack(0x00000056f3400000,0x00000056f3500000)]
  0x000001eaffbb9f40 JavaThread "oracle.jdbc.driver.BlockSource.ThreadedCachingBlockSource.BlockReleaser" daemon [_thread_blocked, id=20704, stack(0x00000056f3500000,0x00000056f3600000)]
  0x000001eafffa3850 JavaThread "InterruptTimer" daemon [_thread_blocked, id=14048, stack(0x00000056f3d00000,0x00000056f3e00000)]
  0x000001ea80a715c0 JavaThread "OJDBC-WORKER-THREAD-1" daemon [_thread_blocked, id=19796, stack(0x00000056f3e00000,0x00000056f3f00000)]

Other Threads:
  0x000001eafb150e50 VMThread "VM Thread" [stack: 0x00000056f2300000,0x00000056f2400000] [id=19664]
  0x000001eaff6142f0 WatcherThread "VM Periodic Task Thread" [stack: 0x00000056f3200000,0x00000056f3300000] [id=14564]
  0x000001eadca10050 WorkerThread "GC Thread#0" [stack: 0x00000056f1e00000,0x00000056f1f00000] [id=3636]
  0x000001eaffe2e8e0 WorkerThread "GC Thread#1" [stack: 0x00000056f3600000,0x00000056f3700000] [id=22396]
  0x000001eafff443b0 WorkerThread "GC Thread#2" [stack: 0x00000056f3700000,0x00000056f3800000] [id=9444]
  0x000001eafff44680 WorkerThread "GC Thread#3" [stack: 0x00000056f3800000,0x00000056f3900000] [id=11552]
  0x000001eaffe1fc70 WorkerThread "GC Thread#4" [stack: 0x00000056f3900000,0x00000056f3a00000] [id=20316]
  0x000001eaffe212f0 WorkerThread "GC Thread#5" [stack: 0x00000056f3a00000,0x00000056f3b00000] [id=8696]
  0x000001eaffe207b0 WorkerThread "GC Thread#6" [stack: 0x00000056f3b00000,0x00000056f3c00000] [id=9548]
  0x000001eaffe1ff40 WorkerThread "GC Thread#7" [stack: 0x00000056f3c00000,0x00000056f3d00000] [id=18012]
  0x000001eadca20d30 ConcurrentGCThread "G1 Main Marker" [stack: 0x00000056f1f00000,0x00000056f2000000] [id=6404]
  0x000001eadca21f00 WorkerThread "G1 Conc#0" [stack: 0x00000056f2000000,0x00000056f2100000] [id=3060]
  0x000001eadca7e0d0 ConcurrentGCThread "G1 Refine#0" [stack: 0x00000056f2100000,0x00000056f2200000] [id=22452]
  0x000001eadca7ec10 ConcurrentGCThread "G1 Service" [stack: 0x00000056f2200000,0x00000056f2300000] [id=23460]

Threads with active compile tasks:
C2 CompilerThread0     1101 1695       4       javax.crypto.Mac::doFinal (65 bytes)
C2 CompilerThread1     1101 1696       4       javax.crypto.Mac::doFinal (38 bytes)
C2 CompilerThread2     1101 1467 % !   4       com.sun.crypto.provider.PBKDF2KeyImpl::deriveKey @ 191 (295 bytes)

VM state: not at safepoint (normal execution)

VM Mutex/Monitor currently owned by a thread: None

Heap address: 0x0000000082c00000, size: 2004 MB, Compressed Oops mode: 32-bit

CDS archive(s) mapped at: [0x0000000800000000-0x0000000800c40000-0x0000000800c40000), size 12845056, SharedBaseAddress: 0x0000000800000000, ArchiveRelocationMode: 0.
Compressed class space mapped at: 0x0000000801000000-0x0000000841000000, reserved size: 1073741824
Narrow klass base: 0x0000000800000000, Narrow klass shift: 0, Narrow klass range: 0x100000000

GC Precious Log:
 CardTable entry size: 512
 Card Set container configuration: InlinePtr #cards 5 size 8 Array Of Cards #cards 12 size 40 Howl #buckets 4 coarsen threshold 1843 Howl Bitmap #cards 512 size 80 coarsen threshold 460 Card regions per heap region 1 cards per card region 2048
 CPUs: 8 total, 8 available
 Memory: 8010M
 Large Page Support: Disabled
 NUMA Support: Disabled
 Compressed Oops: Enabled (32-bit)
 Heap Region Size: 1M
 Heap Min Capacity: 8M
 Heap Initial Capacity: 126M
 Heap Max Capacity: 2004M
 Pre-touch: Disabled
 Parallel Workers: 8
 Concurrent Workers: 2
 Concurrent Refinement Workers: 8
 Periodic GC: Disabled

Heap:
 garbage-first heap   total 129024K, used 20480K [0x0000000082c00000, 0x0000000100000000)
  region size 1024K, 22 young (22528K), 3 survivors (3072K)
 Metaspace       used 14309K, committed 14656K, reserved 1114112K
  class space    used 1559K, committed 1728K, reserved 1048576K

Heap Regions: E=young(eden), S=young(survivor), O=old, HS=humongous(starts), HC=humongous(continues), CS=collection set, F=free, OA=open archive, CA=closed archive, TAMS=top-at-mark-start (previous, next)
|   0|0x0000000082c00000, 0x0000000082c00000, 0x0000000082d00000|  0%| F|  |TAMS 0x0000000082c00000, 0x0000000082c00000| Untracked 
|   1|0x0000000082d00000, 0x0000000082d00000, 0x0000000082e00000|  0%| F|  |TAMS 0x0000000082d00000, 0x0000000082d00000| Untracked 
|   2|0x0000000082e00000, 0x0000000082e00000, 0x0000000082f00000|  0%| F|  |TAMS 0x0000000082e00000, 0x0000000082e00000| Untracked 
|   3|0x0000000082f00000, 0x0000000082f00000, 0x0000000083000000|  0%| F|  |TAMS 0x0000000082f00000, 0x0000000082f00000| Untracked 
|   4|0x0000000083000000, 0x0000000083000000, 0x0000000083100000|  0%| F|  |TAMS 0x0000000083000000, 0x0000000083000000| Untracked 
|   5|0x0000000083100000, 0x0000000083100000, 0x0000000083200000|  0%| F|  |TAMS 0x0000000083100000, 0x0000000083100000| Untracked 
|   6|0x0000000083200000, 0x0000000083200000, 0x0000000083300000|  0%| F|  |TAMS 0x0000000083200000, 0x0000000083200000| Untracked 
|   7|0x0000000083300000, 0x0000000083300000, 0x0000000083400000|  0%| F|  |TAMS 0x0000000083300000, 0x0000000083300000| Untracked 
|   8|0x0000000083400000, 0x0000000083400000, 0x0000000083500000|  0%| F|  |TAMS 0x0000000083400000, 0x0000000083400000| Untracked 
|   9|0x0000000083500000, 0x0000000083500000, 0x0000000083600000|  0%| F|  |TAMS 0x0000000083500000, 0x0000000083500000| Untracked 
|  10|0x0000000083600000, 0x0000000083600000, 0x0000000083700000|  0%| F|  |TAMS 0x0000000083600000, 0x0000000083600000| Untracked 
|  11|0x0000000083700000, 0x0000000083700000, 0x0000000083800000|  0%| F|  |TAMS 0x0000000083700000, 0x0000000083700000| Untracked 
|  12|0x0000000083800000, 0x0000000083800000, 0x0000000083900000|  0%| F|  |TAMS 0x0000000083800000, 0x0000000083800000| Untracked 
|  13|0x0000000083900000, 0x0000000083900000, 0x0000000083a00000|  0%| F|  |TAMS 0x0000000083900000, 0x0000000083900000| Untracked 
|  14|0x0000000083a00000, 0x0000000083a00000, 0x0000000083b00000|  0%| F|  |TAMS 0x0000000083a00000, 0x0000000083a00000| Untracked 
|  15|0x0000000083b00000, 0x0000000083b00000, 0x0000000083c00000|  0%| F|  |TAMS 0x0000000083b00000, 0x0000000083b00000| Untracked 
|  16|0x0000000083c00000, 0x0000000083c00000, 0x0000000083d00000|  0%| F|  |TAMS 0x0000000083c00000, 0x0000000083c00000| Untracked 
|  17|0x0000000083d00000, 0x0000000083d00000, 0x0000000083e00000|  0%| F|  |TAMS 0x0000000083d00000, 0x0000000083d00000| Untracked 
|  18|0x0000000083e00000, 0x0000000083e00000, 0x0000000083f00000|  0%| F|  |TAMS 0x0000000083e00000, 0x0000000083e00000| Untracked 
|  19|0x0000000083f00000, 0x0000000083f00000, 0x0000000084000000|  0%| F|  |TAMS 0x0000000083f00000, 0x0000000083f00000| Untracked 
|  20|0x0000000084000000, 0x0000000084000000, 0x0000000084100000|  0%| F|  |TAMS 0x0000000084000000, 0x0000000084000000| Untracked 
|  21|0x0000000084100000, 0x0000000084100000, 0x0000000084200000|  0%| F|  |TAMS 0x0000000084100000, 0x0000000084100000| Untracked 
|  22|0x0000000084200000, 0x0000000084200000, 0x0000000084300000|  0%| F|  |TAMS 0x0000000084200000, 0x0000000084200000| Untracked 
|  23|0x0000000084300000, 0x0000000084300000, 0x0000000084400000|  0%| F|  |TAMS 0x0000000084300000, 0x0000000084300000| Untracked 
|  24|0x0000000084400000, 0x0000000084400000, 0x0000000084500000|  0%| F|  |TAMS 0x0000000084400000, 0x0000000084400000| Untracked 
|  25|0x0000000084500000, 0x0000000084500000, 0x0000000084600000|  0%| F|  |TAMS 0x0000000084500000, 0x0000000084500000| Untracked 
|  26|0x0000000084600000, 0x0000000084600000, 0x0000000084700000|  0%| F|  |TAMS 0x0000000084600000, 0x0000000084600000| Untracked 
|  27|0x0000000084700000, 0x0000000084700000, 0x0000000084800000|  0%| F|  |TAMS 0x0000000084700000, 0x0000000084700000| Untracked 
|  28|0x0000000084800000, 0x0000000084800000, 0x0000000084900000|  0%| F|  |TAMS 0x0000000084800000, 0x0000000084800000| Untracked 
|  29|0x0000000084900000, 0x0000000084900000, 0x0000000084a00000|  0%| F|  |TAMS 0x0000000084900000, 0x0000000084900000| Untracked 
|  30|0x0000000084a00000, 0x0000000084a00000, 0x0000000084b00000|  0%| F|  |TAMS 0x0000000084a00000, 0x0000000084a00000| Untracked 
|  31|0x0000000084b00000, 0x0000000084b00000, 0x0000000084c00000|  0%| F|  |TAMS 0x0000000084b00000, 0x0000000084b00000| Untracked 
|  32|0x0000000084c00000, 0x0000000084c00000, 0x0000000084d00000|  0%| F|  |TAMS 0x0000000084c00000, 0x0000000084c00000| Untracked 
|  33|0x0000000084d00000, 0x0000000084d00000, 0x0000000084e00000|  0%| F|  |TAMS 0x0000000084d00000, 0x0000000084d00000| Untracked 
|  34|0x0000000084e00000, 0x0000000084e00000, 0x0000000084f00000|  0%| F|  |TAMS 0x0000000084e00000, 0x0000000084e00000| Untracked 
|  35|0x0000000084f00000, 0x0000000084f00000, 0x0000000085000000|  0%| F|  |TAMS 0x0000000084f00000, 0x0000000084f00000| Untracked 
|  36|0x0000000085000000, 0x0000000085000000, 0x0000000085100000|  0%| F|  |TAMS 0x0000000085000000, 0x0000000085000000| Untracked 
|  37|0x0000000085100000, 0x0000000085100000, 0x0000000085200000|  0%| F|  |TAMS 0x0000000085100000, 0x0000000085100000| Untracked 
|  38|0x0000000085200000, 0x0000000085200000, 0x0000000085300000|  0%| F|  |TAMS 0x0000000085200000, 0x0000000085200000| Untracked 
|  39|0x0000000085300000, 0x0000000085300000, 0x0000000085400000|  0%| F|  |TAMS 0x0000000085300000, 0x0000000085300000| Untracked 
|  40|0x0000000085400000, 0x0000000085400000, 0x0000000085500000|  0%| F|  |TAMS 0x0000000085400000, 0x0000000085400000| Untracked 
|  41|0x0000000085500000, 0x0000000085500000, 0x0000000085600000|  0%| F|  |TAMS 0x0000000085500000, 0x0000000085500000| Untracked 
|  42|0x0000000085600000, 0x0000000085600000, 0x0000000085700000|  0%| F|  |TAMS 0x0000000085600000, 0x0000000085600000| Untracked 
|  43|0x0000000085700000, 0x0000000085700000, 0x0000000085800000|  0%| F|  |TAMS 0x0000000085700000, 0x0000000085700000| Untracked 
|  44|0x0000000085800000, 0x0000000085800000, 0x0000000085900000|  0%| F|  |TAMS 0x0000000085800000, 0x0000000085800000| Untracked 
|  45|0x0000000085900000, 0x0000000085900000, 0x0000000085a00000|  0%| F|  |TAMS 0x0000000085900000, 0x0000000085900000| Untracked 
|  46|0x0000000085a00000, 0x0000000085a00000, 0x0000000085b00000|  0%| F|  |TAMS 0x0000000085a00000, 0x0000000085a00000| Untracked 
|  47|0x0000000085b00000, 0x0000000085b00000, 0x0000000085c00000|  0%| F|  |TAMS 0x0000000085b00000, 0x0000000085b00000| Untracked 
|  48|0x0000000085c00000, 0x0000000085c00000, 0x0000000085d00000|  0%| F|  |TAMS 0x0000000085c00000, 0x0000000085c00000| Untracked 
|  49|0x0000000085d00000, 0x0000000085d00000, 0x0000000085e00000|  0%| F|  |TAMS 0x0000000085d00000, 0x0000000085d00000| Untracked 
|  50|0x0000000085e00000, 0x0000000085e00000, 0x0000000085f00000|  0%| F|  |TAMS 0x0000000085e00000, 0x0000000085e00000| Untracked 
|  51|0x0000000085f00000, 0x0000000085f00000, 0x0000000086000000|  0%| F|  |TAMS 0x0000000085f00000, 0x0000000085f00000| Untracked 
|  52|0x0000000086000000, 0x0000000086000000, 0x0000000086100000|  0%| F|  |TAMS 0x0000000086000000, 0x0000000086000000| Untracked 
|  53|0x0000000086100000, 0x0000000086100000, 0x0000000086200000|  0%| F|  |TAMS 0x0000000086100000, 0x0000000086100000| Untracked 
|  54|0x0000000086200000, 0x0000000086200000, 0x0000000086300000|  0%| F|  |TAMS 0x0000000086200000, 0x0000000086200000| Untracked 
|  55|0x0000000086300000, 0x0000000086300000, 0x0000000086400000|  0%| F|  |TAMS 0x0000000086300000, 0x0000000086300000| Untracked 
|  56|0x0000000086400000, 0x0000000086400000, 0x0000000086500000|  0%| F|  |TAMS 0x0000000086400000, 0x0000000086400000| Untracked 
|  57|0x0000000086500000, 0x0000000086500000, 0x0000000086600000|  0%| F|  |TAMS 0x0000000086500000, 0x0000000086500000| Untracked 
|  58|0x0000000086600000, 0x0000000086600000, 0x0000000086700000|  0%| F|  |TAMS 0x0000000086600000, 0x0000000086600000| Untracked 
|  59|0x0000000086700000, 0x0000000086700000, 0x0000000086800000|  0%| F|  |TAMS 0x0000000086700000, 0x0000000086700000| Untracked 
|  60|0x0000000086800000, 0x0000000086800000, 0x0000000086900000|  0%| F|  |TAMS 0x0000000086800000, 0x0000000086800000| Untracked 
|  61|0x0000000086900000, 0x0000000086900000, 0x0000000086a00000|  0%| F|  |TAMS 0x0000000086900000, 0x0000000086900000| Untracked 
|  62|0x0000000086a00000, 0x0000000086a00000, 0x0000000086b00000|  0%| F|  |TAMS 0x0000000086a00000, 0x0000000086a00000| Untracked 
|  63|0x0000000086b00000, 0x0000000086b00000, 0x0000000086c00000|  0%| F|  |TAMS 0x0000000086b00000, 0x0000000086b00000| Untracked 
|  64|0x0000000086c00000, 0x0000000086c00000, 0x0000000086d00000|  0%| F|  |TAMS 0x0000000086c00000, 0x0000000086c00000| Untracked 
|  65|0x0000000086d00000, 0x0000000086d00000, 0x0000000086e00000|  0%| F|  |TAMS 0x0000000086d00000, 0x0000000086d00000| Untracked 
|  66|0x0000000086e00000, 0x0000000086e00000, 0x0000000086f00000|  0%| F|  |TAMS 0x0000000086e00000, 0x0000000086e00000| Untracked 
|  67|0x0000000086f00000, 0x0000000086f00000, 0x0000000087000000|  0%| F|  |TAMS 0x0000000086f00000, 0x0000000086f00000| Untracked 
|  68|0x0000000087000000, 0x0000000087000000, 0x0000000087100000|  0%| F|  |TAMS 0x0000000087000000, 0x0000000087000000| Untracked 
|  69|0x0000000087100000, 0x0000000087100000, 0x0000000087200000|  0%| F|  |TAMS 0x0000000087100000, 0x0000000087100000| Untracked 
|  70|0x0000000087200000, 0x0000000087200000, 0x0000000087300000|  0%| F|  |TAMS 0x0000000087200000, 0x0000000087200000| Untracked 
|  71|0x0000000087300000, 0x0000000087300000, 0x0000000087400000|  0%| F|  |TAMS 0x0000000087300000, 0x0000000087300000| Untracked 
|  72|0x0000000087400000, 0x0000000087400000, 0x0000000087500000|  0%| F|  |TAMS 0x0000000087400000, 0x0000000087400000| Untracked 
|  73|0x0000000087500000, 0x0000000087500000, 0x0000000087600000|  0%| F|  |TAMS 0x0000000087500000, 0x0000000087500000| Untracked 
|  74|0x0000000087600000, 0x0000000087600000, 0x0000000087700000|  0%| F|  |TAMS 0x0000000087600000, 0x0000000087600000| Untracked 
|  75|0x0000000087700000, 0x0000000087700000, 0x0000000087800000|  0%| F|  |TAMS 0x0000000087700000, 0x0000000087700000| Untracked 
|  76|0x0000000087800000, 0x0000000087800000, 0x0000000087900000|  0%| F|  |TAMS 0x0000000087800000, 0x0000000087800000| Untracked 
|  77|0x0000000087900000, 0x0000000087900000, 0x0000000087a00000|  0%| F|  |TAMS 0x0000000087900000, 0x0000000087900000| Untracked 
|  78|0x0000000087a00000, 0x0000000087a00000, 0x0000000087b00000|  0%| F|  |TAMS 0x0000000087a00000, 0x0000000087a00000| Untracked 
|  79|0x0000000087b00000, 0x0000000087b00000, 0x0000000087c00000|  0%| F|  |TAMS 0x0000000087b00000, 0x0000000087b00000| Untracked 
|  80|0x0000000087c00000, 0x0000000087c00000, 0x0000000087d00000|  0%| F|  |TAMS 0x0000000087c00000, 0x0000000087c00000| Untracked 
|  81|0x0000000087d00000, 0x0000000087d00000, 0x0000000087e00000|  0%| F|  |TAMS 0x0000000087d00000, 0x0000000087d00000| Untracked 
|  82|0x0000000087e00000, 0x0000000087e00000, 0x0000000087f00000|  0%| F|  |TAMS 0x0000000087e00000, 0x0000000087e00000| Untracked 
|  83|0x0000000087f00000, 0x0000000087f00000, 0x0000000088000000|  0%| F|  |TAMS 0x0000000087f00000, 0x0000000087f00000| Untracked 
|  84|0x0000000088000000, 0x0000000088000000, 0x0000000088100000|  0%| F|  |TAMS 0x0000000088000000, 0x0000000088000000| Untracked 
|  85|0x0000000088100000, 0x0000000088100000, 0x0000000088200000|  0%| F|  |TAMS 0x0000000088100000, 0x0000000088100000| Untracked 
|  86|0x0000000088200000, 0x0000000088200000, 0x0000000088300000|  0%| F|  |TAMS 0x0000000088200000, 0x0000000088200000| Untracked 
|  87|0x0000000088300000, 0x0000000088300000, 0x0000000088400000|  0%| F|  |TAMS 0x0000000088300000, 0x0000000088300000| Untracked 
|  88|0x0000000088400000, 0x0000000088400000, 0x0000000088500000|  0%| F|  |TAMS 0x0000000088400000, 0x0000000088400000| Untracked 
|  89|0x0000000088500000, 0x0000000088500000, 0x0000000088600000|  0%| F|  |TAMS 0x0000000088500000, 0x0000000088500000| Untracked 
|  90|0x0000000088600000, 0x0000000088600000, 0x0000000088700000|  0%| F|  |TAMS 0x0000000088600000, 0x0000000088600000| Untracked 
|  91|0x0000000088700000, 0x0000000088700000, 0x0000000088800000|  0%| F|  |TAMS 0x0000000088700000, 0x0000000088700000| Untracked 
|  92|0x0000000088800000, 0x0000000088800000, 0x0000000088900000|  0%| F|  |TAMS 0x0000000088800000, 0x0000000088800000| Untracked 
|  93|0x0000000088900000, 0x0000000088900000, 0x0000000088a00000|  0%| F|  |TAMS 0x0000000088900000, 0x0000000088900000| Untracked 
|  94|0x0000000088a00000, 0x0000000088a00000, 0x0000000088b00000|  0%| F|  |TAMS 0x0000000088a00000, 0x0000000088a00000| Untracked 
|  95|0x0000000088b00000, 0x0000000088b00000, 0x0000000088c00000|  0%| F|  |TAMS 0x0000000088b00000, 0x0000000088b00000| Untracked 
|  96|0x0000000088c00000, 0x0000000088c00000, 0x0000000088d00000|  0%| F|  |TAMS 0x0000000088c00000, 0x0000000088c00000| Untracked 
|  97|0x0000000088d00000, 0x0000000088d00000, 0x0000000088e00000|  0%| F|  |TAMS 0x0000000088d00000, 0x0000000088d00000| Untracked 
|  98|0x0000000088e00000, 0x0000000088e00000, 0x0000000088f00000|  0%| F|  |TAMS 0x0000000088e00000, 0x0000000088e00000| Untracked 
|  99|0x0000000088f00000, 0x0000000088f00000, 0x0000000089000000|  0%| F|  |TAMS 0x0000000088f00000, 0x0000000088f00000| Untracked 
| 100|0x0000000089000000, 0x0000000089100000, 0x0000000089100000|100%| S|CS|TAMS 0x0000000089000000, 0x0000000089000000| Complete 
| 101|0x0000000089100000, 0x0000000089200000, 0x0000000089200000|100%| S|CS|TAMS 0x0000000089100000, 0x0000000089100000| Complete 
| 102|0x0000000089200000, 0x0000000089300000, 0x0000000089300000|100%| S|CS|TAMS 0x0000000089200000, 0x0000000089200000| Complete 
| 103|0x0000000089300000, 0x0000000089300000, 0x0000000089400000|  0%| F|  |TAMS 0x0000000089300000, 0x0000000089300000| Untracked 
| 104|0x0000000089400000, 0x0000000089400000, 0x0000000089500000|  0%| F|  |TAMS 0x0000000089400000, 0x0000000089400000| Untracked 
| 105|0x0000000089500000, 0x0000000089500000, 0x0000000089600000|  0%| F|  |TAMS 0x0000000089500000, 0x0000000089500000| Untracked 
| 106|0x0000000089600000, 0x0000000089600000, 0x0000000089700000|  0%| F|  |TAMS 0x0000000089600000, 0x0000000089600000| Untracked 
| 107|0x0000000089700000, 0x0000000089763270, 0x0000000089800000| 38%| E|  |TAMS 0x0000000089700000, 0x0000000089700000| Complete 
| 108|0x0000000089800000, 0x0000000089900000, 0x0000000089900000|100%| E|CS|TAMS 0x0000000089800000, 0x0000000089800000| Complete 
| 109|0x0000000089900000, 0x0000000089a00000, 0x0000000089a00000|100%| E|CS|TAMS 0x0000000089900000, 0x0000000089900000| Complete 
| 110|0x0000000089a00000, 0x0000000089b00000, 0x0000000089b00000|100%| E|CS|TAMS 0x0000000089a00000, 0x0000000089a00000| Complete 
| 111|0x0000000089b00000, 0x0000000089c00000, 0x0000000089c00000|100%| E|CS|TAMS 0x0000000089b00000, 0x0000000089b00000| Complete 
| 112|0x0000000089c00000, 0x0000000089d00000, 0x0000000089d00000|100%| E|CS|TAMS 0x0000000089c00000, 0x0000000089c00000| Complete 
| 113|0x0000000089d00000, 0x0000000089e00000, 0x0000000089e00000|100%| E|  |TAMS 0x0000000089d00000, 0x0000000089d00000| Complete 
| 114|0x0000000089e00000, 0x0000000089f00000, 0x0000000089f00000|100%| E|CS|TAMS 0x0000000089e00000, 0x0000000089e00000| Complete 
| 115|0x0000000089f00000, 0x000000008a000000, 0x000000008a000000|100%| E|CS|TAMS 0x0000000089f00000, 0x0000000089f00000| Complete 
| 116|0x000000008a000000, 0x000000008a100000, 0x000000008a100000|100%| E|CS|TAMS 0x000000008a000000, 0x000000008a000000| Complete 
| 117|0x000000008a100000, 0x000000008a200000, 0x000000008a200000|100%| E|CS|TAMS 0x000000008a100000, 0x000000008a100000| Complete 
| 118|0x000000008a200000, 0x000000008a300000, 0x000000008a300000|100%| E|CS|TAMS 0x000000008a200000, 0x000000008a200000| Complete 
| 119|0x000000008a300000, 0x000000008a400000, 0x000000008a400000|100%| E|CS|TAMS 0x000000008a300000, 0x000000008a300000| Complete 
| 120|0x000000008a400000, 0x000000008a500000, 0x000000008a500000|100%| E|CS|TAMS 0x000000008a400000, 0x000000008a400000| Complete 
| 121|0x000000008a500000, 0x000000008a600000, 0x000000008a600000|100%| E|CS|TAMS 0x000000008a500000, 0x000000008a500000| Complete 
| 122|0x000000008a600000, 0x000000008a700000, 0x000000008a700000|100%| E|CS|TAMS 0x000000008a600000, 0x000000008a600000| Complete 
| 123|0x000000008a700000, 0x000000008a800000, 0x000000008a800000|100%| E|CS|TAMS 0x000000008a700000, 0x000000008a700000| Complete 
| 124|0x000000008a800000, 0x000000008a900000, 0x000000008a900000|100%| E|CS|TAMS 0x000000008a800000, 0x000000008a800000| Complete 
| 125|0x000000008a900000, 0x000000008aa00000, 0x000000008aa00000|100%| E|CS|TAMS 0x000000008a900000, 0x000000008a900000| Complete 

Card table byte_map: [0x000001eaf4030000,0x000001eaf4420000] _byte_map_base: 0x000001eaf3c1a000

Marking Bits (Prev, Next): (CMBitMap*) 0x000001eadca10680, (CMBitMap*) 0x000001eadca106c0
 Prev Bits: [0x000001eaf4810000, 0x000001eaf6760000)
 Next Bits: [0x000001eaf6760000, 0x000001eaf86b0000)

Polling page: 0x000001eadc180000

Metaspace:

Usage:
  Non-class:     12.46 MB used.
      Class:      1.52 MB used.
       Both:     13.98 MB used.

Virtual space:
  Non-class space:       64.00 MB reserved,      12.62 MB ( 20%) committed,  1 nodes.
      Class space:        1.00 GB reserved,       1.69 MB ( <1%) committed,  1 nodes.
             Both:        1.06 GB reserved,      14.31 MB (  1%) committed. 

Chunk freelists:
   Non-Class:  2.66 MB
       Class:  2.30 MB
        Both:  4.97 MB

MaxMetaspaceSize: unlimited
CompressedClassSpaceSize: 1.00 GB
Initial GC threshold: 21.00 MB
Current GC threshold: 21.00 MB
CDS: on
MetaspaceReclaimPolicy: balanced
 - commit_granule_bytes: 65536.
 - commit_granule_words: 8192.
 - virtual_space_node_default_size: 8388608.
 - enlarge_chunks_in_place: 1.
 - new_chunks_are_fully_committed: 0.
 - uncommit_free_chunks: 1.
 - use_allocation_guard: 0.


Internal statistics:

num_allocs_failed_limit: 0.
num_arena_births: 262.
num_arena_deaths: 0.
num_vsnodes_births: 2.
num_vsnodes_deaths: 0.
num_space_committed: 229.
num_space_uncommitted: 0.
num_chunks_returned_to_freelist: 0.
num_chunks_taken_from_freelist: 606.
num_chunk_merges: 0.
num_chunk_splits: 409.
num_chunks_enlarged: 267.
num_inconsistent_stats: 0.

CodeHeap 'non-profiled nmethods': size=120000Kb used=608Kb max_used=608Kb free=119391Kb
 bounds [0x000001eaec3e0000, 0x000001eaec650000, 0x000001eaf3910000]
CodeHeap 'profiled nmethods': size=120000Kb used=3260Kb max_used=3260Kb free=116739Kb
 bounds [0x000001eae4910000, 0x000001eae4c40000, 0x000001eaebe40000]
CodeHeap 'non-nmethods': size=5760Kb used=1411Kb max_used=1423Kb free=4348Kb
 bounds [0x000001eaebe40000, 0x000001eaec0b0000, 0x000001eaec3e0000]
 total_blobs=2349 nmethods=1765 adapters=495
 compilation: enabled
              stopped_count=0, restarted_count=0
 full_count=0

Compilation events (20 events):
Event: 1.068 Thread 0x000001eafb197890 nmethod 1689 0x000001eaec46f210 code [0x000001eaec46f3a0, 0x000001eaec46f4d8]
Event: 1.069 Thread 0x000001eafb197890 1690   !   4       sun.security.provider.DigestBase::engineDigest (33 bytes)
Event: 1.071 Thread 0x000001eafb197890 nmethod 1690 0x000001eaec46f610 code [0x000001eaec46f7a0, 0x000001eaec46f988]
Event: 1.071 Thread 0x000001eafb197890 1691       4       java.security.MessageDigest::digest (49 bytes)
Event: 1.071 Thread 0x000001eafb197890 nmethod 1691 0x000001eaec46fa90 code [0x000001eaec46fc20, 0x000001eaec46fd88]
Event: 1.071 Thread 0x000001eafb197890 1692       4       java.security.MessageDigest::update (45 bytes)
Event: 1.072 Thread 0x000001eafb197890 nmethod 1692 0x000001eaec46ff90 code [0x000001eaec470120, 0x000001eaec470288]
Event: 1.072 Thread 0x000001eafb197890 1693       4       javax.crypto.Mac::update (37 bytes)
Event: 1.073 Thread 0x000001eafb19ba40 1697       3       java.lang.Integer::parseInt (264 bytes)
Event: 1.074 Thread 0x000001eafb197890 nmethod 1693 0x000001eaec470410 code [0x000001eaec4705c0, 0x000001eaec470938]
Event: 1.075 Thread 0x000001eafb197890 1700       4       java.util.Objects::checkFromIndexSize (8 bytes)
Event: 1.075 Thread 0x000001eafb19ba40 nmethod 1697 0x000001eae4c1e490 code [0x000001eae4c1e940, 0x000001eae4c207d8]
Event: 1.075 Thread 0x000001eafb19ba40 1699       3       sun.security.provider.DigestBase::engineUpdate (176 bytes)
Event: 1.075 Thread 0x000001eafb197890 nmethod 1700 0x000001eaec470d10 code [0x000001eaec470ea0, 0x000001eaec470f58]
Event: 1.075 Thread 0x000001eafb197890 1694   !   4       java.security.MessageDigest::getDigestLength (30 bytes)
Event: 1.075 Thread 0x000001eafb19ba40 nmethod 1699 0x000001eae4c21610 code [0x000001eae4c21880, 0x000001eae4c22518]
Event: 1.075 Thread 0x000001eafb19ba40 1698       3       java.lang.Byte::parseByte (57 bytes)
Event: 1.076 Thread 0x000001eafb19ba40 nmethod 1698 0x000001eae4c22890 code [0x000001eae4c22b00, 0x000001eae4c23298]
Event: 1.076 Thread 0x000001eafb197890 nmethod 1694 0x000001eaec471010 code [0x000001eaec4711a0, 0x000001eaec471278]
Event: 1.076 Thread 0x000001eafb197890 1695       4       javax.crypto.Mac::doFinal (65 bytes)

GC Heap History (2 events):
Event: 0.697 GC heap before
{Heap before GC invocations=0 (full 0):
 garbage-first heap   total 129024K, used 22528K [0x0000000082c00000, 0x0000000100000000)
  region size 1024K, 23 young (23552K), 0 survivors (0K)
 Metaspace       used 8587K, committed 8768K, reserved 1114112K
  class space    used 829K, committed 960K, reserved 1048576K
}
Event: 0.702 GC heap after
{Heap after GC invocations=1 (full 0):
 garbage-first heap   total 129024K, used 3072K [0x0000000082c00000, 0x0000000100000000)
  region size 1024K, 3 young (3072K), 3 survivors (3072K)
 Metaspace       used 8587K, committed 8768K, reserved 1114112K
  class space    used 829K, committed 960K, reserved 1048576K
}

Dll operation events (11 events):
Event: 0.012 Loaded shared library D:\intellij\IntelliJ IDEA 2022.2.3\Java Development Kit\bin\java.dll
Event: 0.013 Loaded shared library D:\intellij\IntelliJ IDEA 2022.2.3\Java Development Kit\bin\zip.dll
Event: 0.020 Loaded shared library D:\intellij\IntelliJ IDEA 2022.2.3\Java Development Kit\bin\jsvml.dll
Event: 0.084 Loaded shared library D:\intellij\IntelliJ IDEA 2022.2.3\Java Development Kit\bin\instrument.dll
Event: 0.107 Loaded shared library D:\intellij\IntelliJ IDEA 2022.2.3\Java Development Kit\bin\jimage.dll
Event: 0.128 Loaded shared library D:\intellij\IntelliJ IDEA 2022.2.3\Java Development Kit\bin\net.dll
Event: 0.130 Loaded shared library D:\intellij\IntelliJ IDEA 2022.2.3\Java Development Kit\bin\nio.dll
Event: 0.134 Loaded shared library D:\intellij\IntelliJ IDEA 2022.2.3\Java Development Kit\bin\zip.dll
Event: 0.163 Loaded shared library D:\intellij\IntelliJ IDEA 2022.2.3\Java Development Kit\bin\management.dll
Event: 0.186 Loaded shared library D:\intellij\IntelliJ IDEA 2022.2.3\Java Development Kit\bin\management_ext.dll
Event: 0.686 Loaded shared library D:\intellij\IntelliJ IDEA 2022.2.3\Java Development Kit\bin\extnet.dll

Deoptimization events (20 events):
Event: 1.067 Thread 0x000001eadc9af520 DEOPT PACKING pc=0x000001eae4bb9e8a sp=0x00000056f1dfe460
Event: 1.067 Thread 0x000001eadc9af520 DEOPT UNPACKING pc=0x000001eaebea7543 sp=0x00000056f1dfd8f8 mode 0
Event: 1.068 Thread 0x000001eadc9af520 DEOPT PACKING pc=0x000001eae4bb9db2 sp=0x00000056f1dfe3b0
Event: 1.068 Thread 0x000001eadc9af520 DEOPT UNPACKING pc=0x000001eaebea7543 sp=0x00000056f1dfd848 mode 0
Event: 1.073 Thread 0x000001eadc9af520 Uncommon trap: trap_request=0xffffffde fr.pc=0x000001eaec45c294 relative=0x0000000000000994
Event: 1.073 Thread 0x000001eadc9af520 Uncommon trap: reason=class_check action=maybe_recompile pc=0x000001eaec45c294 method=sun.security.provider.DigestBase.engineDigest([BII)I @ 97 c2
Event: 1.073 Thread 0x000001eadc9af520 DEOPT PACKING pc=0x000001eaec45c294 sp=0x00000056f1dfe6c0
Event: 1.073 Thread 0x000001eadc9af520 DEOPT UNPACKING pc=0x000001eaebea6da3 sp=0x00000056f1dfe6c0 mode 2
Event: 1.073 Thread 0x000001eadc9af520 Uncommon trap: trap_request=0xffffffde fr.pc=0x000001eaec45c294 relative=0x0000000000000994
Event: 1.073 Thread 0x000001eadc9af520 Uncommon trap: reason=class_check action=maybe_recompile pc=0x000001eaec45c294 method=sun.security.provider.DigestBase.engineDigest([BII)I @ 97 c2
Event: 1.073 Thread 0x000001eadc9af520 DEOPT PACKING pc=0x000001eaec45c294 sp=0x00000056f1dfe740
Event: 1.073 Thread 0x000001eadc9af520 DEOPT UNPACKING pc=0x000001eaebea6da3 sp=0x00000056f1dfe740 mode 2
Event: 1.073 Thread 0x000001eadc9af520 Uncommon trap: trap_request=0xffffff45 fr.pc=0x000001eaec4593f8 relative=0x0000000000000b58
Event: 1.073 Thread 0x000001eadc9af520 Uncommon trap: reason=unstable_if action=reinterpret pc=0x000001eaec4593f8 method=sun.security.provider.SHA5.implReset()V @ 8 c2
Event: 1.073 Thread 0x000001eadc9af520 DEOPT PACKING pc=0x000001eaec4593f8 sp=0x00000056f1dfe4b0
Event: 1.073 Thread 0x000001eadc9af520 DEOPT UNPACKING pc=0x000001eaebea6da3 sp=0x00000056f1dfe3f8 mode 2
Event: 1.073 Thread 0x000001eadc9af520 Uncommon trap: trap_request=0xffffff45 fr.pc=0x000001eaec45a608 relative=0x00000000000003c8
Event: 1.073 Thread 0x000001eadc9af520 Uncommon trap: reason=unstable_if action=reinterpret pc=0x000001eaec45a608 method=sun.security.provider.SHA5.implReset()V @ 8 c2
Event: 1.073 Thread 0x000001eadc9af520 DEOPT PACKING pc=0x000001eaec45a608 sp=0x00000056f1dfe5b0
Event: 1.073 Thread 0x000001eadc9af520 DEOPT UNPACKING pc=0x000001eaebea6da3 sp=0x00000056f1dfe520 mode 2

Classes loaded (20 events):
Event: 1.037 Loading class java/beans/Transient
Event: 1.037 Loading class java/beans/Transient done
Event: 1.038 Loading class java/beans/PropertyChangeListener
Event: 1.038 Loading class java/beans/PropertyChangeListener done
Event: 1.045 Loading class java/lang/invoke/BoundMethodHandle$Species_LLLLLL
Event: 1.045 Loading class java/lang/invoke/BoundMethodHandle$Species_LLLLLL done
Event: 1.046 Loading class java/lang/invoke/BoundMethodHandle$Species_LLLLLLL
Event: 1.046 Loading class java/lang/invoke/BoundMethodHandle$Species_LLLLLLL done
Event: 1.047 Loading class org/example/businessLogic/ProductBLL
Event: 1.047 Loading class org/example/businessLogic/ProductBLL done
Event: 1.048 Loading class org/example/businessLogic/validators/QuantityValidator
Event: 1.048 Loading class org/example/businessLogic/validators/QuantityValidator done
Event: 1.048 Loading class org/example/businessLogic/validators/PriceValidator
Event: 1.048 Loading class org/example/businessLogic/validators/PriceValidator done
Event: 1.049 Loading class org/example/businessLogic/validators/ProductNameValidator
Event: 1.049 Loading class org/example/businessLogic/validators/ProductNameValidator done
Event: 1.049 Loading class org/example/dataAccess/ProductDAO
Event: 1.049 Loading class org/example/dataAccess/ProductDAO done
Event: 1.049 Loading class org/example/model/Product
Event: 1.049 Loading class org/example/model/Product done

Classes unloaded (0 events):
No events

Classes redefined (0 events):
No events

Internal exceptions (20 events):
Event: 0.241 Thread 0x000001eadc9af520 Exception <a 'java/lang/NoSuchMethodError'{0x000000008a248988}: 'int java.lang.invoke.DirectMethodHandle$Holder.invokeSpecial(java.lang.Object, java.lang.Object, java.lang.Object)'> (0x000000008a248988) 
thrown [s\open\src\hotspot\share\interpreter\linkResolver.cpp, line 774]
Event: 0.274 Thread 0x000001eadc9af520 Exception <a 'java/lang/NoSuchMethodError'{0x000000008a14a880}: 'java.lang.Object java.lang.invoke.DirectMethodHandle$Holder.invokeStaticInit(java.lang.Object, java.lang.Object, java.lang.Object)'> (0x000000008a14a880) 
thrown [s\open\src\hotspot\share\interpreter\linkResolver.cpp, line 774]
Event: 0.371 Thread 0x000001eadc9af520 Exception <a 'java/lang/NoSuchMethodError'{0x0000000089dc3868}: 'java.lang.Object java.lang.invoke.DirectMethodHandle$Holder.invokeInterface(java.lang.Object, java.lang.Object)'> (0x0000000089dc3868) 
thrown [s\open\src\hotspot\share\interpreter\linkResolver.cpp, line 774]
Event: 0.398 Thread 0x000001eadc9af520 Exception <a 'java/lang/NoClassDefFoundError'{0x0000000089c528a8}: oracle/security/pki/OraclePKIProvider> (0x0000000089c528a8) 
thrown [s\open\src\hotspot\share\classfile\systemDictionary.cpp, line 244]
Event: 0.493 Thread 0x000001eadc9af520 Exception <a 'sun/nio/fs/WindowsException'{0x000000008976c2b8}> (0x000000008976c2b8) 
thrown [s\open\src\hotspot\share\prims\jni.cpp, line 517]
Event: 0.508 Thread 0x000001eadc9af520 Exception <a 'java/lang/NoClassDefFoundError'{0x00000000897e5e58}: oracle/dms/console/DMSConsole> (0x00000000897e5e58) 
thrown [s\open\src\hotspot\share\classfile\systemDictionary.cpp, line 244]
Event: 0.535 Thread 0x000001eadc9af520 Exception <a 'java/lang/NoSuchMethodError'{0x00000000896bd880}: 'int java.lang.invoke.DirectMethodHandle$Holder.invokeStaticInit(java.lang.Object, java.lang.Object)'> (0x00000000896bd880) 
thrown [s\open\src\hotspot\share\interpreter\linkResolver.cpp, line 774]
Event: 0.549 Thread 0x000001eadc9af520 Exception <a 'java/lang/NoSuchMethodError'{0x0000000089543e50}: 'java.lang.Object java.lang.invoke.DirectMethodHandle$Holder.invokeStaticInit(java.lang.Object, int, int, int, int)'> (0x0000000089543e50) 
thrown [s\open\src\hotspot\share\interpreter\linkResolver.cpp, line 774]
Event: 0.630 Thread 0x000001eadc9af520 Exception <a 'java/lang/NoSuchMethodError'{0x00000000895e9268}: 'java.lang.Object java.lang.invoke.DirectMethodHandle$Holder.invokeStaticInit(java.lang.Object, java.lang.Object, int, int, int, int)'> (0x00000000895e9268) 
thrown [s\open\src\hotspot\share\interpreter\linkResolver.cpp, line 774]
Event: 0.670 Thread 0x000001eadc9af520 Exception <a 'java/lang/NoSuchMethodError'{0x000000008933b688}: 'java.lang.Object java.lang.invoke.DirectMethodHandle$Holder.invokeStatic(java.lang.Object, int, java.lang.Object)'> (0x000000008933b688) 
thrown [s\open\src\hotspot\share\interpreter\linkResolver.cpp, line 774]
Event: 0.718 Thread 0x000001eadc9af520 Exception <a 'java/lang/NoSuchMethodError'{0x000000008a97fcc8}: 'int java.lang.invoke.DirectMethodHandle$Holder.invokeSpecialIFC(java.lang.Object, java.lang.Object, java.lang.Object)'> (0x000000008a97fcc8) 
thrown [s\open\src\hotspot\share\interpreter\linkResolver.cpp, line 774]
Event: 0.729 Thread 0x000001eadc9af520 Exception <a 'java/lang/NoSuchMethodError'{0x000000008a8617e8}: 'java.lang.Object java.lang.invoke.DirectMethodHandle$Holder.invokeVirtual(java.lang.Object, java.lang.Object, int)'> (0x000000008a8617e8) 
thrown [s\open\src\hotspot\share\interpreter\linkResolver.cpp, line 774]
Event: 0.793 Thread 0x000001eadc9af520 Implicit null exception at 0x000001eaec447800 to 0x000001eaec448880
Event: 0.793 Thread 0x000001eadc9af520 Implicit null exception at 0x000001eaec4248af to 0x000001eaec42492d
Event: 0.858 Thread 0x000001eadc9af520 Implicit null exception at 0x000001eaec456d76 to 0x000001eaec4576f0
Event: 0.870 Thread 0x000001eadc9af520 Exception <a 'java/lang/NoSuchMethodError'{0x000000008a3290d0}: 'void java.lang.invoke.DirectMethodHandle$Holder.invokeVirtual(java.lang.Object, java.lang.Object)'> (0x000000008a3290d0) 
thrown [s\open\src\hotspot\share\interpreter\linkResolver.cpp, line 774]
Event: 0.970 Thread 0x000001eadc9af520 Exception <a 'java/lang/NoSuchMethodError'{0x0000000089eb06f0}: 'long java.lang.invoke.DirectMethodHandle$Holder.invokeSpecial(java.lang.Object, java.lang.Object)'> (0x0000000089eb06f0) 
thrown [s\open\src\hotspot\share\interpreter\linkResolver.cpp, line 774]
Event: 0.971 Thread 0x000001eadc9af520 Exception <a 'java/lang/NoSuchMethodError'{0x0000000089eb3d98}: 'long java.lang.invoke.Invokers$Holder.invokeExact_MT(java.lang.Object, java.lang.Object)'> (0x0000000089eb3d98) 
thrown [s\open\src\hotspot\share\interpreter\linkResolver.cpp, line 774]
Event: 1.073 Thread 0x000001eadc9af520 Implicit null exception at 0x000001eaec458982 to 0x000001eaec4593d0
Event: 1.073 Thread 0x000001eadc9af520 Implicit null exception at 0x000001eaec45a2e0 to 0x000001eaec45a5f0

VM Operations (20 events):
Event: 0.083 Executing VM operation: ChangeBreakpoints
Event: 0.083 Executing VM operation: ChangeBreakpoints done
Event: 0.357 Executing VM operation: HandshakeAllThreads
Event: 0.357 Executing VM operation: HandshakeAllThreads done
Event: 0.359 Executing VM operation: HandshakeAllThreads
Event: 0.359 Executing VM operation: HandshakeAllThreads done
Event: 0.500 Executing VM operation: HandshakeAllThreads
Event: 0.500 Executing VM operation: HandshakeAllThreads done
Event: 0.518 Executing VM operation: HandshakeAllThreads
Event: 0.518 Executing VM operation: HandshakeAllThreads done
Event: 0.537 Executing VM operation: HandshakeAllThreads
Event: 0.537 Executing VM operation: HandshakeAllThreads done
Event: 0.560 Executing VM operation: HandshakeAllThreads
Event: 0.560 Executing VM operation: HandshakeAllThreads done
Event: 0.697 Executing VM operation: G1CollectForAllocation
Event: 0.702 Executing VM operation: G1CollectForAllocation done
Event: 0.703 Executing VM operation: HandshakeAllThreads
Event: 0.703 Executing VM operation: HandshakeAllThreads done
Event: 0.985 Executing VM operation: HandshakeAllThreads
Event: 0.985 Executing VM operation: HandshakeAllThreads done

Events (20 events):
Event: 0.020 Thread 0x000001eadc9af520 Thread added: 0x000001eadc9af520
Event: 0.030 Thread 0x000001eafb16d080 Thread added: 0x000001eafb16d080
Event: 0.030 Thread 0x000001eafb16dd50 Thread added: 0x000001eafb16dd50
Event: 0.031 Thread 0x000001eafb172ba0 Thread added: 0x000001eafb172ba0
Event: 0.031 Thread 0x000001eafb1754e0 Thread added: 0x000001eafb1754e0
Event: 0.031 Thread 0x000001eafb175fb0 Thread added: 0x000001eafb175fb0
Event: 0.031 Thread 0x000001eafb196c30 Thread added: 0x000001eafb196c30
Event: 0.031 Thread 0x000001eafb197890 Thread added: 0x000001eafb197890
Event: 0.031 Thread 0x000001eafb19ba40 Thread added: 0x000001eafb19ba40
Event: 0.031 Thread 0x000001eafb1a43d0 Thread added: 0x000001eafb1a43d0
Event: 0.049 Thread 0x000001eaff4dae80 Thread added: 0x000001eaff4dae80
Event: 0.067 Thread 0x000001eaff5c0150 Thread added: 0x000001eaff5c0150
Event: 0.067 Thread 0x000001eaff543d90 Thread added: 0x000001eaff543d90
Event: 0.068 Thread 0x000001eaff5d3b40 Thread added: 0x000001eaff5d3b40
Event: 0.095 Thread 0x000001eaff611590 Thread added: 0x000001eaff611590
Event: 0.315 Thread 0x000001eaff7e6ac0 Thread added: 0x000001eaff7e6ac0
Event: 0.321 Thread 0x000001eaff84a420 Thread added: 0x000001eaff84a420
Event: 0.513 Thread 0x000001eaffbb9f40 Thread added: 0x000001eaffbb9f40
Event: 0.709 Thread 0x000001eafffa3850 Thread added: 0x000001eafffa3850
Event: 0.897 Thread 0x000001ea80a715c0 Thread added: 0x000001ea80a715c0


Dynamic libraries:
0x00007ff736a40000 - 0x00007ff736a4e000 	D:\intellij\IntelliJ IDEA 2022.2.3\Java Development Kit\bin\java.exe
0x00007ff978ea0000 - 0x00007ff9790a9000 	C:\WINDOWS\SYSTEM32\ntdll.dll
0x00007ff976ce0000 - 0x00007ff976d9e000 	C:\WINDOWS\System32\KERNEL32.DLL
0x00007ff9763f0000 - 0x00007ff976774000 	C:\WINDOWS\System32\KERNELBASE.dll
0x00007ff976bc0000 - 0x00007ff976cd1000 	C:\WINDOWS\System32\ucrtbase.dll
0x00007ff955250000 - 0x00007ff955267000 	D:\intellij\IntelliJ IDEA 2022.2.3\Java Development Kit\bin\jli.dll
0x00007ff93ebd0000 - 0x00007ff93ebeb000 	D:\intellij\IntelliJ IDEA 2022.2.3\Java Development Kit\bin\VCRUNTIME140.dll
0x00007ff977fc0000 - 0x00007ff97816d000 	C:\WINDOWS\System32\USER32.dll
0x00007ff976320000 - 0x00007ff976346000 	C:\WINDOWS\System32\win32u.dll
0x00007ff956650000 - 0x00007ff9568f5000 	C:\WINDOWS\WinSxS\amd64_microsoft.windows.common-controls_6595b64144ccf1df_6.0.22000.120_none_9d947278b86cc467\COMCTL32.dll
0x00007ff978b10000 - 0x00007ff978b3a000 	C:\WINDOWS\System32\GDI32.dll
0x00007ff978b50000 - 0x00007ff978bf3000 	C:\WINDOWS\System32\msvcrt.dll
0x00007ff976780000 - 0x00007ff97689f000 	C:\WINDOWS\System32\gdi32full.dll
0x00007ff976350000 - 0x00007ff9763ed000 	C:\WINDOWS\System32\msvcp_win.dll
0x00007ff978330000 - 0x00007ff978361000 	C:\WINDOWS\System32\IMM32.DLL
0x00007ff964d60000 - 0x00007ff964d6c000 	D:\intellij\IntelliJ IDEA 2022.2.3\Java Development Kit\bin\vcruntime140_1.dll
0x00007ff920de0000 - 0x00007ff920e6e000 	D:\intellij\IntelliJ IDEA 2022.2.3\Java Development Kit\bin\msvcp140.dll
0x00007ff8ddf40000 - 0x00007ff8dec00000 	D:\intellij\IntelliJ IDEA 2022.2.3\Java Development Kit\bin\server\jvm.dll
0x00007ff978a00000 - 0x00007ff978aaf000 	C:\WINDOWS\System32\ADVAPI32.dll
0x00007ff978d10000 - 0x00007ff978dae000 	C:\WINDOWS\System32\sechost.dll
0x00007ff976da0000 - 0x00007ff976ec1000 	C:\WINDOWS\System32\RPCRT4.dll
0x00007ff95dc40000 - 0x00007ff95dc49000 	C:\WINDOWS\SYSTEM32\WSOCK32.dll
0x00007ff966060000 - 0x00007ff966093000 	C:\WINDOWS\SYSTEM32\WINMM.dll
0x00007ff970fd0000 - 0x00007ff970fda000 	C:\WINDOWS\SYSTEM32\VERSION.dll
0x00007ff978c90000 - 0x00007ff978cff000 	C:\WINDOWS\System32\WS2_32.dll
0x00007ff975450000 - 0x00007ff975468000 	C:\WINDOWS\SYSTEM32\kernel.appcore.dll
0x00007ff93ebc0000 - 0x00007ff93ebca000 	D:\intellij\IntelliJ IDEA 2022.2.3\Java Development Kit\bin\jimage.dll
0x00007ff964100000 - 0x00007ff964321000 	C:\WINDOWS\SYSTEM32\DBGHELP.DLL
0x00007ff9643c0000 - 0x00007ff9643f1000 	C:\WINDOWS\SYSTEM32\dbgcore.DLL
0x00007ff976b40000 - 0x00007ff976bbf000 	C:\WINDOWS\System32\bcryptPrimitives.dll
0x00007ff964dd0000 - 0x00007ff964e0c000 	D:\intellij\IntelliJ IDEA 2022.2.3\Java Development Kit\bin\jdwp.dll
0x00007ff9730e0000 - 0x00007ff9730ee000 	D:\intellij\IntelliJ IDEA 2022.2.3\Java Development Kit\bin\instrument.dll
0x00007ff922c40000 - 0x00007ff922c66000 	D:\intellij\IntelliJ IDEA 2022.2.3\Java Development Kit\bin\java.dll
0x00007ff936c10000 - 0x00007ff936c28000 	D:\intellij\IntelliJ IDEA 2022.2.3\Java Development Kit\bin\zip.dll
0x00007ff91e2c0000 - 0x00007ff91e397000 	D:\intellij\IntelliJ IDEA 2022.2.3\Java Development Kit\bin\jsvml.dll
0x00007ff977090000 - 0x00007ff977855000 	C:\WINDOWS\System32\SHELL32.dll
0x00007ff9743d0000 - 0x00007ff974c34000 	C:\WINDOWS\SYSTEM32\windows.storage.dll
0x00007ff978390000 - 0x00007ff978706000 	C:\WINDOWS\System32\combase.dll
0x00007ff974260000 - 0x00007ff9743c7000 	C:\WINDOWS\SYSTEM32\wintypes.dll
0x00007ff9778d0000 - 0x00007ff9779ba000 	C:\WINDOWS\System32\SHCORE.dll
0x00007ff9779c0000 - 0x00007ff977a1d000 	C:\WINDOWS\System32\shlwapi.dll
0x00007ff976250000 - 0x00007ff976271000 	C:\WINDOWS\SYSTEM32\profapi.dll
0x00007ff972fc0000 - 0x00007ff972fcc000 	D:\intellij\IntelliJ IDEA 2022.2.3\Java Development Kit\bin\dt_socket.dll
0x00007ff974f60000 - 0x00007ff974f8d000 	C:\WINDOWS\SYSTEM32\IPHLPAPI.DLL
0x00007ff9758e0000 - 0x00007ff975947000 	C:\WINDOWS\system32\mswsock.dll
0x00007ff93ab90000 - 0x00007ff93aba3000 	D:\intellij\IntelliJ IDEA 2022.2.3\Java Development Kit\bin\net.dll
0x00007ff970b80000 - 0x00007ff970c93000 	C:\WINDOWS\SYSTEM32\WINHTTP.dll
0x00007ff937110000 - 0x00007ff937126000 	D:\intellij\IntelliJ IDEA 2022.2.3\Java Development Kit\bin\nio.dll
0x00007ff972fb0000 - 0x00007ff972fba000 	D:\intellij\IntelliJ IDEA 2022.2.3\Java Development Kit\bin\management.dll
0x00007ff972650000 - 0x00007ff97265b000 	D:\intellij\IntelliJ IDEA 2022.2.3\Java Development Kit\bin\management_ext.dll
0x00007ff978b40000 - 0x00007ff978b48000 	C:\WINDOWS\System32\PSAPI.DLL
0x00007ff975bb0000 - 0x00007ff975bc8000 	C:\WINDOWS\SYSTEM32\CRYPTSP.dll
0x00007ff9753b0000 - 0x00007ff9753e5000 	C:\WINDOWS\system32\rsaenh.dll
0x00007ff975980000 - 0x00007ff9759a9000 	C:\WINDOWS\SYSTEM32\USERENV.dll
0x00007ff975d00000 - 0x00007ff975d27000 	C:\WINDOWS\SYSTEM32\bcrypt.dll
0x00007ff975ad0000 - 0x00007ff975adc000 	C:\WINDOWS\SYSTEM32\CRYPTBASE.dll
0x00007ff977fb0000 - 0x00007ff977fb9000 	C:\WINDOWS\System32\NSI.dll
0x00007ff970b60000 - 0x00007ff970b79000 	C:\WINDOWS\SYSTEM32\dhcpcsvc6.DLL
0x00007ff971320000 - 0x00007ff97133e000 	C:\WINDOWS\SYSTEM32\dhcpcsvc.DLL
0x00007ff974f90000 - 0x00007ff975078000 	C:\WINDOWS\SYSTEM32\DNSAPI.dll
0x00007ff96e660000 - 0x00007ff96e66a000 	C:\Windows\System32\rasadhlp.dll
0x00007ff96fd60000 - 0x00007ff96fde2000 	C:\WINDOWS\System32\fwpuclnt.dll
0x00007ff9645f0000 - 0x00007ff9645f8000 	D:\intellij\IntelliJ IDEA 2022.2.3\Java Development Kit\bin\extnet.dll
0x00007ff96c770000 - 0x00007ff96c787000 	C:\WINDOWS\system32\napinsp.dll
0x00007ff957170000 - 0x00007ff95718b000 	C:\WINDOWS\system32\pnrpnsp.dll
0x00007ff956c60000 - 0x00007ff956c72000 	C:\WINDOWS\System32\winrnr.dll
0x00007ff9542d0000 - 0x00007ff9542e5000 	C:\WINDOWS\system32\wshbth.dll
0x00007ff954210000 - 0x00007ff95422f000 	C:\WINDOWS\system32\nlansp_c.dll

dbghelp: loaded successfully - version: 4.0.5 - missing functions: none
symbol engine: initialized successfully - sym options: 0x614 - pdb path: .;D:\intellij\IntelliJ IDEA 2022.2.3\Java Development Kit\bin;C:\WINDOWS\SYSTEM32;C:\WINDOWS\WinSxS\amd64_microsoft.windows.common-controls_6595b64144ccf1df_6.0.22000.120_none_9d947278b86cc467;D:\intellij\IntelliJ IDEA 2022.2.3\Java Development Kit\bin\server

VM Arguments:
jvm_args: -agentlib:jdwp=transport=dt_socket,address=127.0.0.1:52989,suspend=y,server=n -javaagent:C:\Users\gabi\AppData\Local\JetBrains\IntelliJIdea2022.2\captureAgent\debugger-agent.jar -Dfile.encoding=UTF-8 -Dsun.stdout.encoding=UTF-8 -Dsun.stderr.encoding=UTF-8 
java_command: org.example.Main
java_class_path (initial): D:\SEM 2\TP\PT2023_30229_Nistor_Gabriel_Assignment_3\PT2023_30229_Nistor_Gabriel_Assignment_3\target\classes;C:\Users\gabi\.m2\repository\com\oracle\database\jdbc\ojdbc8\21.9.0.0\ojdbc8-21.9.0.0.jar;D:\intellij\IntelliJ IDEA 2022.2.3\lib\idea_rt.jar
Launcher Type: SUN_STANDARD

[Global flags]
     intx CICompilerCount                          = 4                                         {product} {ergonomic}
     uint ConcGCThreads                            = 2                                         {product} {ergonomic}
     uint G1ConcRefinementThreads                  = 8                                         {product} {ergonomic}
   size_t G1HeapRegionSize                         = 1048576                                   {product} {ergonomic}
    uintx GCDrainStackTargetSize                   = 64                                        {product} {ergonomic}
   size_t InitialHeapSize                          = 132120576                                 {product} {ergonomic}
   size_t MarkStackSize                            = 4194304                                   {product} {ergonomic}
   size_t MaxHeapSize                              = 2101346304                                {product} {ergonomic}
   size_t MaxNewSize                               = 1260388352                                {product} {ergonomic}
   size_t MinHeapDeltaBytes                        = 1048576                                   {product} {ergonomic}
   size_t MinHeapSize                              = 8388608                                   {product} {ergonomic}
    uintx NonNMethodCodeHeapSize                   = 5839372                                {pd product} {ergonomic}
    uintx NonProfiledCodeHeapSize                  = 122909434                              {pd product} {ergonomic}
    uintx ProfiledCodeHeapSize                     = 122909434                              {pd product} {ergonomic}
    uintx ReservedCodeCacheSize                    = 251658240                              {pd product} {ergonomic}
     bool SegmentedCodeCache                       = true                                      {product} {ergonomic}
   size_t SoftMaxHeapSize                          = 2101346304                             {manageable} {ergonomic}
     bool UseCompressedClassPointers               = true                           {product lp64_product} {ergonomic}
     bool UseCompressedOops                        = true                           {product lp64_product} {ergonomic}
     bool UseG1GC                                  = true                                      {product} {ergonomic}
     bool UseLargePagesIndividualAllocation        = false                                  {pd product} {ergonomic}

Logging:
Log output configuration:
 #0: stdout all=warning uptime,level,tags foldmultilines=false
 #1: stderr all=off uptime,level,tags foldmultilines=false

Environment Variables:
PATH=D:\ORACLE\WINDOWS.X64_19300_db_home\bin;C:\Program Files\Common Files\Oracle\Java\javapath;C:\Program Files (x86)\Common Files\Oracle\Java\javapath;C:\ProgramData\Oracle\Java\javapath;C:\WINDOWS\system32;C:\WINDOWS;C:\WINDOWS\System32\Wbem;C:\WINDOWS\System32\WindowsPowerShell\v1.0\;C:\WINDOWS\System32\OpenSSH\;C:\Program Files\NVIDIA Corporation\NVIDIA NvDLISR;C:\Program Files (x86)\NVIDIA Corporation\PhysX\Common;d:\active_hdl\BIN;C:\WINDOWS\system32;C:\WINDOWS;C:\WINDOWS\System32\Wbem;C:\WINDOWS\System32\WindowsPowerShell\v1.0\;C:\WINDOWS\System32\OpenSSH\;D:\mingw\mingw64\bin;C:\Program Files (x86)\dotnet\;D:\Aplicatii\Git\cmd;C:\Users\gabi\AppData\Local\Microsoft\WindowsApps;D:\mingw\mingw64\bin;D:\mingw\mingw64\x86_64-w64-mingw32\bin;D:\mingw\cppcheck;C:\Users\gabi\AppData\Local\Programs\Microsoft VS Code\bin
USERNAME=gabi
OS=Windows_NT
PROCESSOR_IDENTIFIER=Intel64 Family 6 Model 165 Stepping 2, GenuineIntel
TMP=C:\Users\gabi\AppData\Local\Temp
TEMP=C:\Users\gabi\AppData\Local\Temp



---------------  S Y S T E M  ---------------

OS:
 Windows 11 , 64 bit Build 22000 (10.0.22000.1880)
OS uptime: 3 days 5:58 hours
Hyper-V role detected

CPU: total 8 (initial active 8) (4 cores per cpu, 2 threads per core) family 6 model 165 stepping 2 microcode 0xe2, cx8, cmov, fxsr, ht, mmx, 3dnowpref, sse, sse2, sse3, ssse3, sse4.1, sse4.2, popcnt, lzcnt, tsc, tscinvbit, avx, avx2, aes, erms, clmul, bmi1, bmi2, adx, fma, vzeroupper, clflush, clflushopt, hv, rdtscp

Memory: 4k page, system-wide physical 8010M (577M free)
TotalPageFile size 16217M (AvailPageFile size 5M)
current process WorkingSet (physical memory assigned to process): 120M, peak: 121M
current process commit charge ("private bytes"): 266M, peak: 267M

vm_info: OpenJDK 64-Bit Server VM (19+36-2238) for windows-amd64 JRE (19+36-2238), built on 2022-08-12T20:29:01Z by "mach5one" with MS VC++ 17.1 (VS2022)

END.
